[2019-01-19 18:52:18] local.ERROR: Symfony\Component\Debug\Exception\FatalThrowableError: Argument 1 passed to App\Http\Controllers\UserController::get() must be an instance of App\Models\User, string given in E:\Master\napredno softversko\heroku-backend\app\Http\Controllers\UserController.php:43
Stack trace:
#0 [internal function]: App\Http\Controllers\UserController->get('1')
#1 E:\Master\napredno softversko\heroku-backend\vendor\illuminate\container\BoundMethod.php(29): call_user_func_array(Array, Array)
#2 E:\Master\napredno softversko\heroku-backend\vendor\illuminate\container\BoundMethod.php(87): Illuminate\Container\BoundMethod::Illuminate\Container\{closure}()
#3 E:\Master\napredno softversko\heroku-backend\vendor\illuminate\container\BoundMethod.php(31): Illuminate\Container\BoundMethod::callBoundMethod(Object(Laravel\Lumen\Application), Array, Object(Closure))
#4 E:\Master\napredno softversko\heroku-backend\vendor\illuminate\container\Container.php(572): Illuminate\Container\BoundMethod::call(Object(Laravel\Lumen\Application), Array, Array, NULL)
#5 E:\Master\napredno softversko\heroku-backend\vendor\laravel\lumen-framework\src\Concerns\RoutesRequests.php(376): Illuminate\Container\Container->call(Array, Array)
#6 E:\Master\napredno softversko\heroku-backend\vendor\laravel\lumen-framework\src\Concerns\RoutesRequests.php(342): Laravel\Lumen\Application->callControllerCallable(Array, Array)
#7 E:\Master\napredno softversko\heroku-backend\vendor\laravel\lumen-framework\src\Concerns\RoutesRequests.php(316): Laravel\Lumen\Application->callLumenController(Object(App\Http\Controllers\UserController), 'get', Array)
#8 E:\Master\napredno softversko\heroku-backend\vendor\laravel\lumen-framework\src\Concerns\RoutesRequests.php(278): Laravel\Lumen\Application->callControllerAction(Array)
#9 E:\Master\napredno softversko\heroku-backend\vendor\laravel\lumen-framework\src\Concerns\RoutesRequests.php(263): Laravel\Lumen\Application->callActionOnArrayBasedRoute(Array)
#10 E:\Master\napredno softversko\heroku-backend\vendor\laravel\lumen-framework\src\Concerns\RoutesRequests.php(233): Laravel\Lumen\Application->handleFoundRoute(Array)
#11 E:\Master\napredno softversko\heroku-backend\vendor\laravel\lumen-framework\src\Concerns\RoutesRequests.php(167): Laravel\Lumen\Application->handleDispatcherResponse(Array)
#12 [internal function]: Laravel\Lumen\Application->Laravel\Lumen\Concerns\{closure}(Object(Laravel\Lumen\Http\Request))
#13 E:\Master\napredno softversko\heroku-backend\vendor\laravel\lumen-framework\src\Routing\Pipeline.php(52): call_user_func(Object(Closure), Object(Laravel\Lumen\Http\Request))
#14 E:\Master\napredno softversko\heroku-backend\vendor\barryvdh\laravel-cors\src\HandlePreflight.php(29): Laravel\Lumen\Routing\Pipeline->Laravel\Lumen\Routing\{closure}(Object(Laravel\Lumen\Http\Request))
#15 E:\Master\napredno softversko\heroku-backend\vendor\illuminate\pipeline\Pipeline.php(151): Barryvdh\Cors\HandlePreflight->handle(Object(Laravel\Lumen\Http\Request), Object(Closure))
#16 [internal function]: Illuminate\Pipeline\Pipeline->Illuminate\Pipeline\{closure}(Object(Laravel\Lumen\Http\Request))
#17 E:\Master\napredno softversko\heroku-backend\vendor\laravel\lumen-framework\src\Routing\Pipeline.php(32): call_user_func(Object(Closure), Object(Laravel\Lumen\Http\Request))
#18 E:\Master\napredno softversko\heroku-backend\vendor\barryvdh\laravel-cors\src\HandleCors.php(36): Laravel\Lumen\Routing\Pipeline->Laravel\Lumen\Routing\{closure}(Object(Laravel\Lumen\Http\Request))
#19 E:\Master\napredno softversko\heroku-backend\vendor\illuminate\pipeline\Pipeline.php(151): Barryvdh\Cors\HandleCors->handle(Object(Laravel\Lumen\Http\Request), Object(Closure))
#20 [internal function]: Illuminate\Pipeline\Pipeline->Illuminate\Pipeline\{closure}(Object(Laravel\Lumen\Http\Request))
#21 E:\Master\napredno softversko\heroku-backend\vendor\laravel\lumen-framework\src\Routing\Pipeline.php(32): call_user_func(Object(Closure), Object(Laravel\Lumen\Http\Request))
#22 E:\Master\napredno softversko\heroku-backend\vendor\illuminate\pipeline\Pipeline.php(104): Laravel\Lumen\Routing\Pipeline->Laravel\Lumen\Routing\{closure}(Object(Laravel\Lumen\Http\Request))
#23 E:\Master\napredno softversko\heroku-backend\vendor\laravel\lumen-framework\src\Concerns\RoutesRequests.php(413): Illuminate\Pipeline\Pipeline->then(Object(Closure))
#24 E:\Master\napredno softversko\heroku-backend\vendor\laravel\lumen-framework\src\Concerns\RoutesRequests.php(169): Laravel\Lumen\Application->sendThroughPipeline(Array, Object(Closure))
#25 E:\Master\napredno softversko\heroku-backend\vendor\laravel\lumen-framework\src\Concerns\RoutesRequests.php(108): Laravel\Lumen\Application->dispatch(NULL)
#26 E:\Master\napredno softversko\heroku-backend\public\index.php(28): Laravel\Lumen\Application->run()
#27 {main} {"exception":"[object] (Symfony\\Component\\Debug\\Exception\\FatalThrowableError(code: 0): Argument 1 passed to App\\Http\\Controllers\\UserController::get() must be an instance of App\\Models\\User, string given at E:\\Master\
apredno softversko\\heroku-backend\\app\\Http\\Controllers\\UserController.php:43)
[stacktrace]
#0 [internal function]: App\\Http\\Controllers\\UserController->get('1')
#1 E:\\Master\
apredno softversko\\heroku-backend\\vendor\\illuminate\\container\\BoundMethod.php(29): call_user_func_array(Array, Array)
#2 E:\\Master\
apredno softversko\\heroku-backend\\vendor\\illuminate\\container\\BoundMethod.php(87): Illuminate\\Container\\BoundMethod::Illuminate\\Container\\{closure}()
#3 E:\\Master\
apredno softversko\\heroku-backend\\vendor\\illuminate\\container\\BoundMethod.php(31): Illuminate\\Container\\BoundMethod::callBoundMethod(Object(Laravel\\Lumen\\Application), Array, Object(Closure))
#4 E:\\Master\
apredno softversko\\heroku-backend\\vendor\\illuminate\\container\\Container.php(572): Illuminate\\Container\\BoundMethod::call(Object(Laravel\\Lumen\\Application), Array, Array, NULL)
#5 E:\\Master\
apredno softversko\\heroku-backend\\vendor\\laravel\\lumen-framework\\src\\Concerns\\RoutesRequests.php(376): Illuminate\\Container\\Container->call(Array, Array)
#6 E:\\Master\
apredno softversko\\heroku-backend\\vendor\\laravel\\lumen-framework\\src\\Concerns\\RoutesRequests.php(342): Laravel\\Lumen\\Application->callControllerCallable(Array, Array)
#7 E:\\Master\
apredno softversko\\heroku-backend\\vendor\\laravel\\lumen-framework\\src\\Concerns\\RoutesRequests.php(316): Laravel\\Lumen\\Application->callLumenController(Object(App\\Http\\Controllers\\UserController), 'get', Array)
#8 E:\\Master\
apredno softversko\\heroku-backend\\vendor\\laravel\\lumen-framework\\src\\Concerns\\RoutesRequests.php(278): Laravel\\Lumen\\Application->callControllerAction(Array)
#9 E:\\Master\
apredno softversko\\heroku-backend\\vendor\\laravel\\lumen-framework\\src\\Concerns\\RoutesRequests.php(263): Laravel\\Lumen\\Application->callActionOnArrayBasedRoute(Array)
#10 E:\\Master\
apredno softversko\\heroku-backend\\vendor\\laravel\\lumen-framework\\src\\Concerns\\RoutesRequests.php(233): Laravel\\Lumen\\Application->handleFoundRoute(Array)
#11 E:\\Master\
apredno softversko\\heroku-backend\\vendor\\laravel\\lumen-framework\\src\\Concerns\\RoutesRequests.php(167): Laravel\\Lumen\\Application->handleDispatcherResponse(Array)
#12 [internal function]: Laravel\\Lumen\\Application->Laravel\\Lumen\\Concerns\\{closure}(Object(Laravel\\Lumen\\Http\\Request))
#13 E:\\Master\
apredno softversko\\heroku-backend\\vendor\\laravel\\lumen-framework\\src\\Routing\\Pipeline.php(52): call_user_func(Object(Closure), Object(Laravel\\Lumen\\Http\\Request))
#14 E:\\Master\
apredno softversko\\heroku-backend\\vendor\\barryvdh\\laravel-cors\\src\\HandlePreflight.php(29): Laravel\\Lumen\\Routing\\Pipeline->Laravel\\Lumen\\Routing\\{closure}(Object(Laravel\\Lumen\\Http\\Request))
#15 E:\\Master\
apredno softversko\\heroku-backend\\vendor\\illuminate\\pipeline\\Pipeline.php(151): Barryvdh\\Cors\\HandlePreflight->handle(Object(Laravel\\Lumen\\Http\\Request), Object(Closure))
#16 [internal function]: Illuminate\\Pipeline\\Pipeline->Illuminate\\Pipeline\\{closure}(Object(Laravel\\Lumen\\Http\\Request))
#17 E:\\Master\
apredno softversko\\heroku-backend\\vendor\\laravel\\lumen-framework\\src\\Routing\\Pipeline.php(32): call_user_func(Object(Closure), Object(Laravel\\Lumen\\Http\\Request))
#18 E:\\Master\
apredno softversko\\heroku-backend\\vendor\\barryvdh\\laravel-cors\\src\\HandleCors.php(36): Laravel\\Lumen\\Routing\\Pipeline->Laravel\\Lumen\\Routing\\{closure}(Object(Laravel\\Lumen\\Http\\Request))
#19 E:\\Master\
apredno softversko\\heroku-backend\\vendor\\illuminate\\pipeline\\Pipeline.php(151): Barryvdh\\Cors\\HandleCors->handle(Object(Laravel\\Lumen\\Http\\Request), Object(Closure))
#20 [internal function]: Illuminate\\Pipeline\\Pipeline->Illuminate\\Pipeline\\{closure}(Object(Laravel\\Lumen\\Http\\Request))
#21 E:\\Master\
apredno softversko\\heroku-backend\\vendor\\laravel\\lumen-framework\\src\\Routing\\Pipeline.php(32): call_user_func(Object(Closure), Object(Laravel\\Lumen\\Http\\Request))
#22 E:\\Master\
apredno softversko\\heroku-backend\\vendor\\illuminate\\pipeline\\Pipeline.php(104): Laravel\\Lumen\\Routing\\Pipeline->Laravel\\Lumen\\Routing\\{closure}(Object(Laravel\\Lumen\\Http\\Request))
#23 E:\\Master\
apredno softversko\\heroku-backend\\vendor\\laravel\\lumen-framework\\src\\Concerns\\RoutesRequests.php(413): Illuminate\\Pipeline\\Pipeline->then(Object(Closure))
#24 E:\\Master\
apredno softversko\\heroku-backend\\vendor\\laravel\\lumen-framework\\src\\Concerns\\RoutesRequests.php(169): Laravel\\Lumen\\Application->sendThroughPipeline(Array, Object(Closure))
#25 E:\\Master\
apredno softversko\\heroku-backend\\vendor\\laravel\\lumen-framework\\src\\Concerns\\RoutesRequests.php(108): Laravel\\Lumen\\Application->dispatch(NULL)
#26 E:\\Master\
apredno softversko\\heroku-backend\\public\\index.php(28): Laravel\\Lumen\\Application->run()
#27 {main}
"} 
