[2019-01-06 14:40:31] local.ERROR: Symfony\Component\Debug\Exception\FatalErrorException: Maximum execution time of 30 seconds exceeded in F:\Faks\Master\Napredno softversko\heroku-backend\vendor\illuminate\database\Connection.php:458
Stack trace:
#0 F:\Faks\Master\Napredno softversko\heroku-backend\vendor\laravel\lumen-framework\src\Concerns\RegistersExceptionHandlers.php(54): Laravel\Lumen\Application->handleShutdown()
#1 [internal function]: Laravel\Lumen\Application->Laravel\Lumen\Concerns\{closure}()
#2 {main} {"exception":"[object] (Symfony\\Component\\Debug\\Exception\\FatalErrorException(code: 1): Maximum execution time of 30 seconds exceeded at F:\\Faks\\Master\\Napredno softversko\\heroku-backend\\vendor\\illuminate\\database\\Connection.php:458)
[stacktrace]
#0 F:\\Faks\\Master\\Napredno softversko\\heroku-backend\\vendor\\laravel\\lumen-framework\\src\\Concerns\\RegistersExceptionHandlers.php(54): Laravel\\Lumen\\Application->handleShutdown()
#1 [internal function]: Laravel\\Lumen\\Application->Laravel\\Lumen\\Concerns\\{closure}()
#2 {main}
"} 
[2019-01-06 14:49:17] local.ERROR: Symfony\Component\Console\Exception\NamespaceNotFoundException: There are no commands defined in the "vendor" namespace. in F:\Faks\Master\Napredno softversko\heroku-backend\vendor\symfony\console\Application.php:578
Stack trace:
#0 F:\Faks\Master\Napredno softversko\heroku-backend\vendor\symfony\console\Application.php(618): Symfony\Component\Console\Application->findNamespace('vendor')
#1 F:\Faks\Master\Napredno softversko\heroku-backend\vendor\symfony\console\Application.php(226): Symfony\Component\Console\Application->find('vendor:publish')
#2 F:\Faks\Master\Napredno softversko\heroku-backend\vendor\symfony\console\Application.php(145): Symfony\Component\Console\Application->doRun(Object(Symfony\Component\Console\Input\ArgvInput), Object(Symfony\Component\Console\Output\ConsoleOutput))
#3 F:\Faks\Master\Napredno softversko\heroku-backend\vendor\illuminate\console\Application.php(89): Symfony\Component\Console\Application->run(Object(Symfony\Component\Console\Input\ArgvInput), Object(Symfony\Component\Console\Output\ConsoleOutput))
#4 F:\Faks\Master\Napredno softversko\heroku-backend\vendor\laravel\lumen-framework\src\Console\Kernel.php(115): Illuminate\Console\Application->run(Object(Symfony\Component\Console\Input\ArgvInput), Object(Symfony\Component\Console\Output\ConsoleOutput))
#5 F:\Faks\Master\Napredno softversko\heroku-backend\artisan(35): Laravel\Lumen\Console\Kernel->handle(Object(Symfony\Component\Console\Input\ArgvInput), Object(Symfony\Component\Console\Output\ConsoleOutput))
#6 {main} {"exception":"[object] (Symfony\\Component\\Console\\Exception\\NamespaceNotFoundException(code: 0): There are no commands defined in the \"vendor\" namespace. at F:\\Faks\\Master\\Napredno softversko\\heroku-backend\\vendor\\symfony\\console\\Application.php:578)
[stacktrace]
#0 F:\\Faks\\Master\\Napredno softversko\\heroku-backend\\vendor\\symfony\\console\\Application.php(618): Symfony\\Component\\Console\\Application->findNamespace('vendor')
#1 F:\\Faks\\Master\\Napredno softversko\\heroku-backend\\vendor\\symfony\\console\\Application.php(226): Symfony\\Component\\Console\\Application->find('vendor:publish')
#2 F:\\Faks\\Master\\Napredno softversko\\heroku-backend\\vendor\\symfony\\console\\Application.php(145): Symfony\\Component\\Console\\Application->doRun(Object(Symfony\\Component\\Console\\Input\\ArgvInput), Object(Symfony\\Component\\Console\\Output\\ConsoleOutput))
#3 F:\\Faks\\Master\\Napredno softversko\\heroku-backend\\vendor\\illuminate\\console\\Application.php(89): Symfony\\Component\\Console\\Application->run(Object(Symfony\\Component\\Console\\Input\\ArgvInput), Object(Symfony\\Component\\Console\\Output\\ConsoleOutput))
#4 F:\\Faks\\Master\\Napredno softversko\\heroku-backend\\vendor\\laravel\\lumen-framework\\src\\Console\\Kernel.php(115): Illuminate\\Console\\Application->run(Object(Symfony\\Component\\Console\\Input\\ArgvInput), Object(Symfony\\Component\\Console\\Output\\ConsoleOutput))
#5 F:\\Faks\\Master\\Napredno softversko\\heroku-backend\\artisan(35): Laravel\\Lumen\\Console\\Kernel->handle(Object(Symfony\\Component\\Console\\Input\\ArgvInput), Object(Symfony\\Component\\Console\\Output\\ConsoleOutput))
#6 {main}
"} 
[2019-01-06 16:24:53] local.ERROR: ErrorException: Undefined variable: app in F:\Faks\Master\Napredno softversko\heroku-backend\routes\web.php:22
Stack trace:
#0 F:\Faks\Master\Napredno softversko\heroku-backend\routes\web.php(22): Laravel\Lumen\Application->Laravel\Lumen\Concerns\{closure}(8, 'Undefined varia...', 'F:\\Faks\\Master\\...', 22, Array)
#1 F:\Faks\Master\Napredno softversko\heroku-backend\bootstrap\app.php(112): require('F:\\Faks\\Master\\...')
#2 [internal function]: {closure}(Object(Laravel\Lumen\Routing\Router))
#3 F:\Faks\Master\Napredno softversko\heroku-backend\vendor\laravel\lumen-framework\src\Routing\Router.php(62): call_user_func(Object(Closure), Object(Laravel\Lumen\Routing\Router))
#4 F:\Faks\Master\Napredno softversko\heroku-backend\bootstrap\app.php(113): Laravel\Lumen\Routing\Router->group(Array, Object(Closure))
#5 F:\Faks\Master\Napredno softversko\heroku-backend\public\index.php(14): require('F:\\Faks\\Master\\...')
#6 {main} {"exception":"[object] (ErrorException(code: 0): Undefined variable: app at F:\\Faks\\Master\\Napredno softversko\\heroku-backend\outes\\web.php:22)
[stacktrace]
#0 F:\\Faks\\Master\\Napredno softversko\\heroku-backend\outes\\web.php(22): Laravel\\Lumen\\Application->Laravel\\Lumen\\Concerns\\{closure}(8, 'Undefined varia...', 'F:\\\\Faks\\\\Master\\\\...', 22, Array)
#1 F:\\Faks\\Master\\Napredno softversko\\heroku-backend\\bootstrap\\app.php(112): require('F:\\\\Faks\\\\Master\\\\...')
#2 [internal function]: {closure}(Object(Laravel\\Lumen\\Routing\\Router))
#3 F:\\Faks\\Master\\Napredno softversko\\heroku-backend\\vendor\\laravel\\lumen-framework\\src\\Routing\\Router.php(62): call_user_func(Object(Closure), Object(Laravel\\Lumen\\Routing\\Router))
#4 F:\\Faks\\Master\\Napredno softversko\\heroku-backend\\bootstrap\\app.php(113): Laravel\\Lumen\\Routing\\Router->group(Array, Object(Closure))
#5 F:\\Faks\\Master\\Napredno softversko\\heroku-backend\\public\\index.php(14): require('F:\\\\Faks\\\\Master\\\\...')
#6 {main}
"} 
[2019-01-06 16:25:02] local.ERROR: ErrorException: Undefined variable: app in F:\Faks\Master\Napredno softversko\heroku-backend\routes\web.php:22
Stack trace:
#0 F:\Faks\Master\Napredno softversko\heroku-backend\routes\web.php(22): Laravel\Lumen\Application->Laravel\Lumen\Concerns\{closure}(8, 'Undefined varia...', 'F:\\Faks\\Master\\...', 22, Array)
#1 F:\Faks\Master\Napredno softversko\heroku-backend\bootstrap\app.php(112): require('F:\\Faks\\Master\\...')
#2 [internal function]: {closure}(Object(Laravel\Lumen\Routing\Router))
#3 F:\Faks\Master\Napredno softversko\heroku-backend\vendor\laravel\lumen-framework\src\Routing\Router.php(62): call_user_func(Object(Closure), Object(Laravel\Lumen\Routing\Router))
#4 F:\Faks\Master\Napredno softversko\heroku-backend\bootstrap\app.php(113): Laravel\Lumen\Routing\Router->group(Array, Object(Closure))
#5 F:\Faks\Master\Napredno softversko\heroku-backend\public\index.php(14): require('F:\\Faks\\Master\\...')
#6 {main} {"exception":"[object] (ErrorException(code: 0): Undefined variable: app at F:\\Faks\\Master\\Napredno softversko\\heroku-backend\outes\\web.php:22)
[stacktrace]
#0 F:\\Faks\\Master\\Napredno softversko\\heroku-backend\outes\\web.php(22): Laravel\\Lumen\\Application->Laravel\\Lumen\\Concerns\\{closure}(8, 'Undefined varia...', 'F:\\\\Faks\\\\Master\\\\...', 22, Array)
#1 F:\\Faks\\Master\\Napredno softversko\\heroku-backend\\bootstrap\\app.php(112): require('F:\\\\Faks\\\\Master\\\\...')
#2 [internal function]: {closure}(Object(Laravel\\Lumen\\Routing\\Router))
#3 F:\\Faks\\Master\\Napredno softversko\\heroku-backend\\vendor\\laravel\\lumen-framework\\src\\Routing\\Router.php(62): call_user_func(Object(Closure), Object(Laravel\\Lumen\\Routing\\Router))
#4 F:\\Faks\\Master\\Napredno softversko\\heroku-backend\\bootstrap\\app.php(113): Laravel\\Lumen\\Routing\\Router->group(Array, Object(Closure))
#5 F:\\Faks\\Master\\Napredno softversko\\heroku-backend\\public\\index.php(14): require('F:\\\\Faks\\\\Master\\\\...')
#6 {main}
"} 
[2019-01-06 16:28:00] local.ERROR: InvalidArgumentException: Auth guard [auth] is not defined. in F:\Faks\Master\Napredno softversko\heroku-backend\vendor\illuminate\auth\AuthManager.php:84
Stack trace:
#0 F:\Faks\Master\Napredno softversko\heroku-backend\vendor\illuminate\auth\AuthManager.php(68): Illuminate\Auth\AuthManager->resolve('auth')
#1 F:\Faks\Master\Napredno softversko\heroku-backend\vendor\laravel\lumen-framework\src\Application.php(487): Illuminate\Auth\AuthManager->guard('auth')
#2 [internal function]: Laravel\Lumen\Application->Laravel\Lumen\{closure}('auth')
#3 F:\Faks\Master\Napredno softversko\heroku-backend\vendor\illuminate\http\Request.php(502): call_user_func(Object(Closure), 'auth')
#4 F:\Faks\Master\Napredno softversko\heroku-backend\app\Http\Controllers\UserController.php(50): Illuminate\Http\Request->user('auth')
#5 [internal function]: App\Http\Controllers\UserController->getUser(Object(Laravel\Lumen\Http\Request))
#6 F:\Faks\Master\Napredno softversko\heroku-backend\vendor\illuminate\container\BoundMethod.php(29): call_user_func_array(Array, Array)
#7 F:\Faks\Master\Napredno softversko\heroku-backend\vendor\illuminate\container\BoundMethod.php(87): Illuminate\Container\BoundMethod::Illuminate\Container\{closure}()
#8 F:\Faks\Master\Napredno softversko\heroku-backend\vendor\illuminate\container\BoundMethod.php(31): Illuminate\Container\BoundMethod::callBoundMethod(Object(Laravel\Lumen\Application), Array, Object(Closure))
#9 F:\Faks\Master\Napredno softversko\heroku-backend\vendor\illuminate\container\Container.php(572): Illuminate\Container\BoundMethod::call(Object(Laravel\Lumen\Application), Array, Array, NULL)
#10 F:\Faks\Master\Napredno softversko\heroku-backend\vendor\laravel\lumen-framework\src\Concerns\RoutesRequests.php(376): Illuminate\Container\Container->call(Array, Array)
#11 F:\Faks\Master\Napredno softversko\heroku-backend\vendor\laravel\lumen-framework\src\Concerns\RoutesRequests.php(342): Laravel\Lumen\Application->callControllerCallable(Array, Array)
#12 F:\Faks\Master\Napredno softversko\heroku-backend\vendor\laravel\lumen-framework\src\Concerns\RoutesRequests.php(316): Laravel\Lumen\Application->callLumenController(Object(App\Http\Controllers\UserController), 'getUser', Array)
#13 F:\Faks\Master\Napredno softversko\heroku-backend\vendor\laravel\lumen-framework\src\Concerns\RoutesRequests.php(278): Laravel\Lumen\Application->callControllerAction(Array)
#14 F:\Faks\Master\Napredno softversko\heroku-backend\vendor\laravel\lumen-framework\src\Concerns\RoutesRequests.php(258): Laravel\Lumen\Application->callActionOnArrayBasedRoute(Array)
#15 [internal function]: Laravel\Lumen\Application->Laravel\Lumen\Concerns\{closure}(Object(Laravel\Lumen\Http\Request))
#16 F:\Faks\Master\Napredno softversko\heroku-backend\vendor\laravel\lumen-framework\src\Routing\Pipeline.php(52): call_user_func(Object(Closure), Object(Laravel\Lumen\Http\Request))
#17 F:\Faks\Master\Napredno softversko\heroku-backend\app\Http\Middleware\Authenticate.php(42): Laravel\Lumen\Routing\Pipeline->Laravel\Lumen\Routing\{closure}(Object(Laravel\Lumen\Http\Request))
#18 F:\Faks\Master\Napredno softversko\heroku-backend\vendor\illuminate\pipeline\Pipeline.php(151): App\Http\Middleware\Authenticate->handle(Object(Laravel\Lumen\Http\Request), Object(Closure))
#19 [internal function]: Illuminate\Pipeline\Pipeline->Illuminate\Pipeline\{closure}(Object(Laravel\Lumen\Http\Request))
#20 F:\Faks\Master\Napredno softversko\heroku-backend\vendor\laravel\lumen-framework\src\Routing\Pipeline.php(32): call_user_func(Object(Closure), Object(Laravel\Lumen\Http\Request))
#21 F:\Faks\Master\Napredno softversko\heroku-backend\vendor\illuminate\pipeline\Pipeline.php(104): Laravel\Lumen\Routing\Pipeline->Laravel\Lumen\Routing\{closure}(Object(Laravel\Lumen\Http\Request))
#22 F:\Faks\Master\Napredno softversko\heroku-backend\vendor\laravel\lumen-framework\src\Concerns\RoutesRequests.php(413): Illuminate\Pipeline\Pipeline->then(Object(Closure))
#23 F:\Faks\Master\Napredno softversko\heroku-backend\vendor\laravel\lumen-framework\src\Concerns\RoutesRequests.php(259): Laravel\Lumen\Application->sendThroughPipeline(Array, Object(Closure))
#24 F:\Faks\Master\Napredno softversko\heroku-backend\vendor\laravel\lumen-framework\src\Concerns\RoutesRequests.php(163): Laravel\Lumen\Application->handleFoundRoute(Array)
#25 [internal function]: Laravel\Lumen\Application->Laravel\Lumen\Concerns\{closure}(Object(Laravel\Lumen\Http\Request))
#26 F:\Faks\Master\Napredno softversko\heroku-backend\vendor\laravel\lumen-framework\src\Routing\Pipeline.php(52): call_user_func(Object(Closure), Object(Laravel\Lumen\Http\Request))
#27 F:\Faks\Master\Napredno softversko\heroku-backend\vendor\barryvdh\laravel-cors\src\HandlePreflight.php(29): Laravel\Lumen\Routing\Pipeline->Laravel\Lumen\Routing\{closure}(Object(Laravel\Lumen\Http\Request))
#28 F:\Faks\Master\Napredno softversko\heroku-backend\vendor\illuminate\pipeline\Pipeline.php(151): Barryvdh\Cors\HandlePreflight->handle(Object(Laravel\Lumen\Http\Request), Object(Closure))
#29 [internal function]: Illuminate\Pipeline\Pipeline->Illuminate\Pipeline\{closure}(Object(Laravel\Lumen\Http\Request))
#30 F:\Faks\Master\Napredno softversko\heroku-backend\vendor\laravel\lumen-framework\src\Routing\Pipeline.php(32): call_user_func(Object(Closure), Object(Laravel\Lumen\Http\Request))
#31 F:\Faks\Master\Napredno softversko\heroku-backend\vendor\barryvdh\laravel-cors\src\HandleCors.php(36): Laravel\Lumen\Routing\Pipeline->Laravel\Lumen\Routing\{closure}(Object(Laravel\Lumen\Http\Request))
#32 F:\Faks\Master\Napredno softversko\heroku-backend\vendor\illuminate\pipeline\Pipeline.php(151): Barryvdh\Cors\HandleCors->handle(Object(Laravel\Lumen\Http\Request), Object(Closure))
#33 [internal function]: Illuminate\Pipeline\Pipeline->Illuminate\Pipeline\{closure}(Object(Laravel\Lumen\Http\Request))
#34 F:\Faks\Master\Napredno softversko\heroku-backend\vendor\laravel\lumen-framework\src\Routing\Pipeline.php(32): call_user_func(Object(Closure), Object(Laravel\Lumen\Http\Request))
#35 F:\Faks\Master\Napredno softversko\heroku-backend\vendor\illuminate\pipeline\Pipeline.php(104): Laravel\Lumen\Routing\Pipeline->Laravel\Lumen\Routing\{closure}(Object(Laravel\Lumen\Http\Request))
#36 F:\Faks\Master\Napredno softversko\heroku-backend\vendor\laravel\lumen-framework\src\Concerns\RoutesRequests.php(413): Illuminate\Pipeline\Pipeline->then(Object(Closure))
#37 F:\Faks\Master\Napredno softversko\heroku-backend\vendor\laravel\lumen-framework\src\Concerns\RoutesRequests.php(169): Laravel\Lumen\Application->sendThroughPipeline(Array, Object(Closure))
#38 F:\Faks\Master\Napredno softversko\heroku-backend\vendor\laravel\lumen-framework\src\Concerns\RoutesRequests.php(108): Laravel\Lumen\Application->dispatch(NULL)
#39 F:\Faks\Master\Napredno softversko\heroku-backend\public\index.php(28): Laravel\Lumen\Application->run()
#40 {main} {"exception":"[object] (InvalidArgumentException(code: 0): Auth guard [auth] is not defined. at F:\\Faks\\Master\\Napredno softversko\\heroku-backend\\vendor\\illuminate\\auth\\AuthManager.php:84)
[stacktrace]
#0 F:\\Faks\\Master\\Napredno softversko\\heroku-backend\\vendor\\illuminate\\auth\\AuthManager.php(68): Illuminate\\Auth\\AuthManager->resolve('auth')
#1 F:\\Faks\\Master\\Napredno softversko\\heroku-backend\\vendor\\laravel\\lumen-framework\\src\\Application.php(487): Illuminate\\Auth\\AuthManager->guard('auth')
#2 [internal function]: Laravel\\Lumen\\Application->Laravel\\Lumen\\{closure}('auth')
#3 F:\\Faks\\Master\\Napredno softversko\\heroku-backend\\vendor\\illuminate\\http\\Request.php(502): call_user_func(Object(Closure), 'auth')
#4 F:\\Faks\\Master\\Napredno softversko\\heroku-backend\\app\\Http\\Controllers\\UserController.php(50): Illuminate\\Http\\Request->user('auth')
#5 [internal function]: App\\Http\\Controllers\\UserController->getUser(Object(Laravel\\Lumen\\Http\\Request))
#6 F:\\Faks\\Master\\Napredno softversko\\heroku-backend\\vendor\\illuminate\\container\\BoundMethod.php(29): call_user_func_array(Array, Array)
#7 F:\\Faks\\Master\\Napredno softversko\\heroku-backend\\vendor\\illuminate\\container\\BoundMethod.php(87): Illuminate\\Container\\BoundMethod::Illuminate\\Container\\{closure}()
#8 F:\\Faks\\Master\\Napredno softversko\\heroku-backend\\vendor\\illuminate\\container\\BoundMethod.php(31): Illuminate\\Container\\BoundMethod::callBoundMethod(Object(Laravel\\Lumen\\Application), Array, Object(Closure))
#9 F:\\Faks\\Master\\Napredno softversko\\heroku-backend\\vendor\\illuminate\\container\\Container.php(572): Illuminate\\Container\\BoundMethod::call(Object(Laravel\\Lumen\\Application), Array, Array, NULL)
#10 F:\\Faks\\Master\\Napredno softversko\\heroku-backend\\vendor\\laravel\\lumen-framework\\src\\Concerns\\RoutesRequests.php(376): Illuminate\\Container\\Container->call(Array, Array)
#11 F:\\Faks\\Master\\Napredno softversko\\heroku-backend\\vendor\\laravel\\lumen-framework\\src\\Concerns\\RoutesRequests.php(342): Laravel\\Lumen\\Application->callControllerCallable(Array, Array)
#12 F:\\Faks\\Master\\Napredno softversko\\heroku-backend\\vendor\\laravel\\lumen-framework\\src\\Concerns\\RoutesRequests.php(316): Laravel\\Lumen\\Application->callLumenController(Object(App\\Http\\Controllers\\UserController), 'getUser', Array)
#13 F:\\Faks\\Master\\Napredno softversko\\heroku-backend\\vendor\\laravel\\lumen-framework\\src\\Concerns\\RoutesRequests.php(278): Laravel\\Lumen\\Application->callControllerAction(Array)
#14 F:\\Faks\\Master\\Napredno softversko\\heroku-backend\\vendor\\laravel\\lumen-framework\\src\\Concerns\\RoutesRequests.php(258): Laravel\\Lumen\\Application->callActionOnArrayBasedRoute(Array)
#15 [internal function]: Laravel\\Lumen\\Application->Laravel\\Lumen\\Concerns\\{closure}(Object(Laravel\\Lumen\\Http\\Request))
#16 F:\\Faks\\Master\\Napredno softversko\\heroku-backend\\vendor\\laravel\\lumen-framework\\src\\Routing\\Pipeline.php(52): call_user_func(Object(Closure), Object(Laravel\\Lumen\\Http\\Request))
#17 F:\\Faks\\Master\\Napredno softversko\\heroku-backend\\app\\Http\\Middleware\\Authenticate.php(42): Laravel\\Lumen\\Routing\\Pipeline->Laravel\\Lumen\\Routing\\{closure}(Object(Laravel\\Lumen\\Http\\Request))
#18 F:\\Faks\\Master\\Napredno softversko\\heroku-backend\\vendor\\illuminate\\pipeline\\Pipeline.php(151): App\\Http\\Middleware\\Authenticate->handle(Object(Laravel\\Lumen\\Http\\Request), Object(Closure))
#19 [internal function]: Illuminate\\Pipeline\\Pipeline->Illuminate\\Pipeline\\{closure}(Object(Laravel\\Lumen\\Http\\Request))
#20 F:\\Faks\\Master\\Napredno softversko\\heroku-backend\\vendor\\laravel\\lumen-framework\\src\\Routing\\Pipeline.php(32): call_user_func(Object(Closure), Object(Laravel\\Lumen\\Http\\Request))
#21 F:\\Faks\\Master\\Napredno softversko\\heroku-backend\\vendor\\illuminate\\pipeline\\Pipeline.php(104): Laravel\\Lumen\\Routing\\Pipeline->Laravel\\Lumen\\Routing\\{closure}(Object(Laravel\\Lumen\\Http\\Request))
#22 F:\\Faks\\Master\\Napredno softversko\\heroku-backend\\vendor\\laravel\\lumen-framework\\src\\Concerns\\RoutesRequests.php(413): Illuminate\\Pipeline\\Pipeline->then(Object(Closure))
#23 F:\\Faks\\Master\\Napredno softversko\\heroku-backend\\vendor\\laravel\\lumen-framework\\src\\Concerns\\RoutesRequests.php(259): Laravel\\Lumen\\Application->sendThroughPipeline(Array, Object(Closure))
#24 F:\\Faks\\Master\\Napredno softversko\\heroku-backend\\vendor\\laravel\\lumen-framework\\src\\Concerns\\RoutesRequests.php(163): Laravel\\Lumen\\Application->handleFoundRoute(Array)
#25 [internal function]: Laravel\\Lumen\\Application->Laravel\\Lumen\\Concerns\\{closure}(Object(Laravel\\Lumen\\Http\\Request))
#26 F:\\Faks\\Master\\Napredno softversko\\heroku-backend\\vendor\\laravel\\lumen-framework\\src\\Routing\\Pipeline.php(52): call_user_func(Object(Closure), Object(Laravel\\Lumen\\Http\\Request))
#27 F:\\Faks\\Master\\Napredno softversko\\heroku-backend\\vendor\\barryvdh\\laravel-cors\\src\\HandlePreflight.php(29): Laravel\\Lumen\\Routing\\Pipeline->Laravel\\Lumen\\Routing\\{closure}(Object(Laravel\\Lumen\\Http\\Request))
#28 F:\\Faks\\Master\\Napredno softversko\\heroku-backend\\vendor\\illuminate\\pipeline\\Pipeline.php(151): Barryvdh\\Cors\\HandlePreflight->handle(Object(Laravel\\Lumen\\Http\\Request), Object(Closure))
#29 [internal function]: Illuminate\\Pipeline\\Pipeline->Illuminate\\Pipeline\\{closure}(Object(Laravel\\Lumen\\Http\\Request))
#30 F:\\Faks\\Master\\Napredno softversko\\heroku-backend\\vendor\\laravel\\lumen-framework\\src\\Routing\\Pipeline.php(32): call_user_func(Object(Closure), Object(Laravel\\Lumen\\Http\\Request))
#31 F:\\Faks\\Master\\Napredno softversko\\heroku-backend\\vendor\\barryvdh\\laravel-cors\\src\\HandleCors.php(36): Laravel\\Lumen\\Routing\\Pipeline->Laravel\\Lumen\\Routing\\{closure}(Object(Laravel\\Lumen\\Http\\Request))
#32 F:\\Faks\\Master\\Napredno softversko\\heroku-backend\\vendor\\illuminate\\pipeline\\Pipeline.php(151): Barryvdh\\Cors\\HandleCors->handle(Object(Laravel\\Lumen\\Http\\Request), Object(Closure))
#33 [internal function]: Illuminate\\Pipeline\\Pipeline->Illuminate\\Pipeline\\{closure}(Object(Laravel\\Lumen\\Http\\Request))
#34 F:\\Faks\\Master\\Napredno softversko\\heroku-backend\\vendor\\laravel\\lumen-framework\\src\\Routing\\Pipeline.php(32): call_user_func(Object(Closure), Object(Laravel\\Lumen\\Http\\Request))
#35 F:\\Faks\\Master\\Napredno softversko\\heroku-backend\\vendor\\illuminate\\pipeline\\Pipeline.php(104): Laravel\\Lumen\\Routing\\Pipeline->Laravel\\Lumen\\Routing\\{closure}(Object(Laravel\\Lumen\\Http\\Request))
#36 F:\\Faks\\Master\\Napredno softversko\\heroku-backend\\vendor\\laravel\\lumen-framework\\src\\Concerns\\RoutesRequests.php(413): Illuminate\\Pipeline\\Pipeline->then(Object(Closure))
#37 F:\\Faks\\Master\\Napredno softversko\\heroku-backend\\vendor\\laravel\\lumen-framework\\src\\Concerns\\RoutesRequests.php(169): Laravel\\Lumen\\Application->sendThroughPipeline(Array, Object(Closure))
#38 F:\\Faks\\Master\\Napredno softversko\\heroku-backend\\vendor\\laravel\\lumen-framework\\src\\Concerns\\RoutesRequests.php(108): Laravel\\Lumen\\Application->dispatch(NULL)
#39 F:\\Faks\\Master\\Napredno softversko\\heroku-backend\\public\\index.php(28): Laravel\\Lumen\\Application->run()
#40 {main}
"} 
