[2019-01-03 22:20:10] local.ERROR: Symfony\Component\Debug\Exception\FatalThrowableError: Call to undefined method Laravel\Lumen\Routing\Router::path() in F:\Faks\Master\Napredno softversko\heroku-backend\routes\web.php:23
Stack trace:
#0 F:\Faks\Master\Napredno softversko\heroku-backend\bootstrap\app.php(101): require()
#1 [internal function]: {closure}(Object(Laravel\Lumen\Routing\Router))
#2 F:\Faks\Master\Napredno softversko\heroku-backend\vendor\laravel\lumen-framework\src\Routing\Router.php(62): call_user_func(Object(Closure), Object(Laravel\Lumen\Routing\Router))
#3 F:\Faks\Master\Napredno softversko\heroku-backend\bootstrap\app.php(102): Laravel\Lumen\Routing\Router->group(Array, Object(Closure))
#4 F:\Faks\Master\Napredno softversko\heroku-backend\artisan(18): require('F:\\Faks\\Master\\...')
#5 {main} {"exception":"[object] (Symfony\\Component\\Debug\\Exception\\FatalThrowableError(code: 0): Call to undefined method Laravel\\Lumen\\Routing\\Router::path() at F:\\Faks\\Master\\Napredno softversko\\heroku-backend\outes\\web.php:23)
[stacktrace]
#0 F:\\Faks\\Master\\Napredno softversko\\heroku-backend\\bootstrap\\app.php(101): require()
#1 [internal function]: {closure}(Object(Laravel\\Lumen\\Routing\\Router))
#2 F:\\Faks\\Master\\Napredno softversko\\heroku-backend\\vendor\\laravel\\lumen-framework\\src\\Routing\\Router.php(62): call_user_func(Object(Closure), Object(Laravel\\Lumen\\Routing\\Router))
#3 F:\\Faks\\Master\\Napredno softversko\\heroku-backend\\bootstrap\\app.php(102): Laravel\\Lumen\\Routing\\Router->group(Array, Object(Closure))
#4 F:\\Faks\\Master\\Napredno softversko\\heroku-backend\\artisan(18): require('F:\\\\Faks\\\\Master\\\\...')
#5 {main}
"} 
[2019-01-03 22:34:12] local.ERROR: Symfony\Component\Debug\Exception\FatalThrowableError: Call to undefined method Laravel\Lumen\Routing\Router::path() in F:\Faks\Master\Napredno softversko\heroku-backend\routes\web.php:23
Stack trace:
#0 F:\Faks\Master\Napredno softversko\heroku-backend\bootstrap\app.php(103): require()
#1 [internal function]: {closure}(Object(Laravel\Lumen\Routing\Router))
#2 F:\Faks\Master\Napredno softversko\heroku-backend\vendor\laravel\lumen-framework\src\Routing\Router.php(62): call_user_func(Object(Closure), Object(Laravel\Lumen\Routing\Router))
#3 F:\Faks\Master\Napredno softversko\heroku-backend\bootstrap\app.php(104): Laravel\Lumen\Routing\Router->group(Array, Object(Closure))
#4 F:\Faks\Master\Napredno softversko\heroku-backend\artisan(18): require('F:\\Faks\\Master\\...')
#5 {main} {"exception":"[object] (Symfony\\Component\\Debug\\Exception\\FatalThrowableError(code: 0): Call to undefined method Laravel\\Lumen\\Routing\\Router::path() at F:\\Faks\\Master\\Napredno softversko\\heroku-backend\outes\\web.php:23)
[stacktrace]
#0 F:\\Faks\\Master\\Napredno softversko\\heroku-backend\\bootstrap\\app.php(103): require()
#1 [internal function]: {closure}(Object(Laravel\\Lumen\\Routing\\Router))
#2 F:\\Faks\\Master\\Napredno softversko\\heroku-backend\\vendor\\laravel\\lumen-framework\\src\\Routing\\Router.php(62): call_user_func(Object(Closure), Object(Laravel\\Lumen\\Routing\\Router))
#3 F:\\Faks\\Master\\Napredno softversko\\heroku-backend\\bootstrap\\app.php(104): Laravel\\Lumen\\Routing\\Router->group(Array, Object(Closure))
#4 F:\\Faks\\Master\\Napredno softversko\\heroku-backend\\artisan(18): require('F:\\\\Faks\\\\Master\\\\...')
#5 {main}
"} 
[2019-01-03 22:34:50] local.ERROR: PDOException: SQLSTATE[HY000] [1045] Access denied for user 'homestead'@'localhost' (using password: YES) in F:\Faks\Master\Napredno softversko\heroku-backend\vendor\illuminate\database\Connectors\Connector.php:70
Stack trace:
#0 F:\Faks\Master\Napredno softversko\heroku-backend\vendor\illuminate\database\Connectors\Connector.php(70): PDO->__construct('mysql:host=127....', 'homestead', 'secret', Array)
#1 F:\Faks\Master\Napredno softversko\heroku-backend\vendor\illuminate\database\Connectors\Connector.php(46): Illuminate\Database\Connectors\Connector->createPdoConnection('mysql:host=127....', 'homestead', 'secret', Array)
#2 F:\Faks\Master\Napredno softversko\heroku-backend\vendor\illuminate\database\Connectors\MySqlConnector.php(24): Illuminate\Database\Connectors\Connector->createConnection('mysql:host=127....', Array, Array)
#3 F:\Faks\Master\Napredno softversko\heroku-backend\vendor\illuminate\database\Connectors\ConnectionFactory.php(182): Illuminate\Database\Connectors\MySqlConnector->connect(Array)
#4 [internal function]: Illuminate\Database\Connectors\ConnectionFactory->Illuminate\Database\Connectors\{closure}()
#5 F:\Faks\Master\Napredno softversko\heroku-backend\vendor\illuminate\database\Connection.php(918): call_user_func(Object(Closure))
#6 F:\Faks\Master\Napredno softversko\heroku-backend\vendor\illuminate\database\Connection.php(943): Illuminate\Database\Connection->getPdo()
#7 F:\Faks\Master\Napredno softversko\heroku-backend\vendor\illuminate\database\Connection.php(399): Illuminate\Database\Connection->getReadPdo()
#8 F:\Faks\Master\Napredno softversko\heroku-backend\vendor\illuminate\database\Connection.php(325): Illuminate\Database\Connection->getPdoForSelect(true)
#9 F:\Faks\Master\Napredno softversko\heroku-backend\vendor\illuminate\database\Connection.php(657): Illuminate\Database\Connection->Illuminate\Database\{closure}('select * from i...', Array)
#10 F:\Faks\Master\Napredno softversko\heroku-backend\vendor\illuminate\database\Connection.php(624): Illuminate\Database\Connection->runQueryCallback('select * from i...', Array, Object(Closure))
#11 F:\Faks\Master\Napredno softversko\heroku-backend\vendor\illuminate\database\Connection.php(333): Illuminate\Database\Connection->run('select * from i...', Array, Object(Closure))
#12 F:\Faks\Master\Napredno softversko\heroku-backend\vendor\illuminate\database\Schema\MySqlBuilder.php(18): Illuminate\Database\Connection->select('select * from i...', Array)
#13 F:\Faks\Master\Napredno softversko\heroku-backend\vendor\illuminate\database\Migrations\DatabaseMigrationRepository.php(169): Illuminate\Database\Schema\MySqlBuilder->hasTable('migrations')
#14 F:\Faks\Master\Napredno softversko\heroku-backend\vendor\illuminate\database\Migrations\Migrator.php(556): Illuminate\Database\Migrations\DatabaseMigrationRepository->repositoryExists()
#15 F:\Faks\Master\Napredno softversko\heroku-backend\vendor\illuminate\database\Console\Migrations\MigrateCommand.php(91): Illuminate\Database\Migrations\Migrator->repositoryExists()
#16 F:\Faks\Master\Napredno softversko\heroku-backend\vendor\illuminate\database\Console\Migrations\MigrateCommand.php(63): Illuminate\Database\Console\Migrations\MigrateCommand->prepareDatabase()
#17 [internal function]: Illuminate\Database\Console\Migrations\MigrateCommand->handle()
#18 F:\Faks\Master\Napredno softversko\heroku-backend\vendor\illuminate\container\BoundMethod.php(29): call_user_func_array(Array, Array)
#19 F:\Faks\Master\Napredno softversko\heroku-backend\vendor\illuminate\container\BoundMethod.php(87): Illuminate\Container\BoundMethod::Illuminate\Container\{closure}()
#20 F:\Faks\Master\Napredno softversko\heroku-backend\vendor\illuminate\container\BoundMethod.php(31): Illuminate\Container\BoundMethod::callBoundMethod(Object(Laravel\Lumen\Application), Array, Object(Closure))
#21 F:\Faks\Master\Napredno softversko\heroku-backend\vendor\illuminate\container\Container.php(572): Illuminate\Container\BoundMethod::call(Object(Laravel\Lumen\Application), Array, Array, NULL)
#22 F:\Faks\Master\Napredno softversko\heroku-backend\vendor\illuminate\console\Command.php(183): Illuminate\Container\Container->call(Array)
#23 F:\Faks\Master\Napredno softversko\heroku-backend\vendor\symfony\console\Command\Command.php(255): Illuminate\Console\Command->execute(Object(Symfony\Component\Console\Input\ArgvInput), Object(Illuminate\Console\OutputStyle))
#24 F:\Faks\Master\Napredno softversko\heroku-backend\vendor\illuminate\console\Command.php(170): Symfony\Component\Console\Command\Command->run(Object(Symfony\Component\Console\Input\ArgvInput), Object(Illuminate\Console\OutputStyle))
#25 F:\Faks\Master\Napredno softversko\heroku-backend\vendor\symfony\console\Application.php(901): Illuminate\Console\Command->run(Object(Symfony\Component\Console\Input\ArgvInput), Object(Symfony\Component\Console\Output\ConsoleOutput))
#26 F:\Faks\Master\Napredno softversko\heroku-backend\vendor\symfony\console\Application.php(262): Symfony\Component\Console\Application->doRunCommand(Object(Illuminate\Database\Console\Migrations\MigrateCommand), Object(Symfony\Component\Console\Input\ArgvInput), Object(Symfony\Component\Console\Output\ConsoleOutput))
#27 F:\Faks\Master\Napredno softversko\heroku-backend\vendor\symfony\console\Application.php(145): Symfony\Component\Console\Application->doRun(Object(Symfony\Component\Console\Input\ArgvInput), Object(Symfony\Component\Console\Output\ConsoleOutput))
#28 F:\Faks\Master\Napredno softversko\heroku-backend\vendor\illuminate\console\Application.php(89): Symfony\Component\Console\Application->run(Object(Symfony\Component\Console\Input\ArgvInput), Object(Symfony\Component\Console\Output\ConsoleOutput))
#29 F:\Faks\Master\Napredno softversko\heroku-backend\vendor\laravel\lumen-framework\src\Console\Kernel.php(115): Illuminate\Console\Application->run(Object(Symfony\Component\Console\Input\ArgvInput), Object(Symfony\Component\Console\Output\ConsoleOutput))
#30 F:\Faks\Master\Napredno softversko\heroku-backend\artisan(35): Laravel\Lumen\Console\Kernel->handle(Object(Symfony\Component\Console\Input\ArgvInput), Object(Symfony\Component\Console\Output\ConsoleOutput))
#31 {main}

Next Illuminate\Database\QueryException: SQLSTATE[HY000] [1045] Access denied for user 'homestead'@'localhost' (using password: YES) (SQL: select * from information_schema.tables where table_schema = homestead and table_name = migrations) in F:\Faks\Master\Napredno softversko\heroku-backend\vendor\illuminate\database\Connection.php:664
Stack trace:
#0 F:\Faks\Master\Napredno softversko\heroku-backend\vendor\illuminate\database\Connection.php(624): Illuminate\Database\Connection->runQueryCallback('select * from i...', Array, Object(Closure))
#1 F:\Faks\Master\Napredno softversko\heroku-backend\vendor\illuminate\database\Connection.php(333): Illuminate\Database\Connection->run('select * from i...', Array, Object(Closure))
#2 F:\Faks\Master\Napredno softversko\heroku-backend\vendor\illuminate\database\Schema\MySqlBuilder.php(18): Illuminate\Database\Connection->select('select * from i...', Array)
#3 F:\Faks\Master\Napredno softversko\heroku-backend\vendor\illuminate\database\Migrations\DatabaseMigrationRepository.php(169): Illuminate\Database\Schema\MySqlBuilder->hasTable('migrations')
#4 F:\Faks\Master\Napredno softversko\heroku-backend\vendor\illuminate\database\Migrations\Migrator.php(556): Illuminate\Database\Migrations\DatabaseMigrationRepository->repositoryExists()
#5 F:\Faks\Master\Napredno softversko\heroku-backend\vendor\illuminate\database\Console\Migrations\MigrateCommand.php(91): Illuminate\Database\Migrations\Migrator->repositoryExists()
#6 F:\Faks\Master\Napredno softversko\heroku-backend\vendor\illuminate\database\Console\Migrations\MigrateCommand.php(63): Illuminate\Database\Console\Migrations\MigrateCommand->prepareDatabase()
#7 [internal function]: Illuminate\Database\Console\Migrations\MigrateCommand->handle()
#8 F:\Faks\Master\Napredno softversko\heroku-backend\vendor\illuminate\container\BoundMethod.php(29): call_user_func_array(Array, Array)
#9 F:\Faks\Master\Napredno softversko\heroku-backend\vendor\illuminate\container\BoundMethod.php(87): Illuminate\Container\BoundMethod::Illuminate\Container\{closure}()
#10 F:\Faks\Master\Napredno softversko\heroku-backend\vendor\illuminate\container\BoundMethod.php(31): Illuminate\Container\BoundMethod::callBoundMethod(Object(Laravel\Lumen\Application), Array, Object(Closure))
#11 F:\Faks\Master\Napredno softversko\heroku-backend\vendor\illuminate\container\Container.php(572): Illuminate\Container\BoundMethod::call(Object(Laravel\Lumen\Application), Array, Array, NULL)
#12 F:\Faks\Master\Napredno softversko\heroku-backend\vendor\illuminate\console\Command.php(183): Illuminate\Container\Container->call(Array)
#13 F:\Faks\Master\Napredno softversko\heroku-backend\vendor\symfony\console\Command\Command.php(255): Illuminate\Console\Command->execute(Object(Symfony\Component\Console\Input\ArgvInput), Object(Illuminate\Console\OutputStyle))
#14 F:\Faks\Master\Napredno softversko\heroku-backend\vendor\illuminate\console\Command.php(170): Symfony\Component\Console\Command\Command->run(Object(Symfony\Component\Console\Input\ArgvInput), Object(Illuminate\Console\OutputStyle))
#15 F:\Faks\Master\Napredno softversko\heroku-backend\vendor\symfony\console\Application.php(901): Illuminate\Console\Command->run(Object(Symfony\Component\Console\Input\ArgvInput), Object(Symfony\Component\Console\Output\ConsoleOutput))
#16 F:\Faks\Master\Napredno softversko\heroku-backend\vendor\symfony\console\Application.php(262): Symfony\Component\Console\Application->doRunCommand(Object(Illuminate\Database\Console\Migrations\MigrateCommand), Object(Symfony\Component\Console\Input\ArgvInput), Object(Symfony\Component\Console\Output\ConsoleOutput))
#17 F:\Faks\Master\Napredno softversko\heroku-backend\vendor\symfony\console\Application.php(145): Symfony\Component\Console\Application->doRun(Object(Symfony\Component\Console\Input\ArgvInput), Object(Symfony\Component\Console\Output\ConsoleOutput))
#18 F:\Faks\Master\Napredno softversko\heroku-backend\vendor\illuminate\console\Application.php(89): Symfony\Component\Console\Application->run(Object(Symfony\Component\Console\Input\ArgvInput), Object(Symfony\Component\Console\Output\ConsoleOutput))
#19 F:\Faks\Master\Napredno softversko\heroku-backend\vendor\laravel\lumen-framework\src\Console\Kernel.php(115): Illuminate\Console\Application->run(Object(Symfony\Component\Console\Input\ArgvInput), Object(Symfony\Component\Console\Output\ConsoleOutput))
#20 F:\Faks\Master\Napredno softversko\heroku-backend\artisan(35): Laravel\Lumen\Console\Kernel->handle(Object(Symfony\Component\Console\Input\ArgvInput), Object(Symfony\Component\Console\Output\ConsoleOutput))
#21 {main} {"exception":"[object] (Illuminate\\Database\\QueryException(code: 1045): SQLSTATE[HY000] [1045] Access denied for user 'homestead'@'localhost' (using password: YES) (SQL: select * from information_schema.tables where table_schema = homestead and table_name = migrations) at F:\\Faks\\Master\\Napredno softversko\\heroku-backend\\vendor\\illuminate\\database\\Connection.php:664, PDOException(code: 1045): SQLSTATE[HY000] [1045] Access denied for user 'homestead'@'localhost' (using password: YES) at F:\\Faks\\Master\\Napredno softversko\\heroku-backend\\vendor\\illuminate\\database\\Connectors\\Connector.php:70)
[stacktrace]
#0 F:\\Faks\\Master\\Napredno softversko\\heroku-backend\\vendor\\illuminate\\database\\Connection.php(624): Illuminate\\Database\\Connection->runQueryCallback('select * from i...', Array, Object(Closure))
#1 F:\\Faks\\Master\\Napredno softversko\\heroku-backend\\vendor\\illuminate\\database\\Connection.php(333): Illuminate\\Database\\Connection->run('select * from i...', Array, Object(Closure))
#2 F:\\Faks\\Master\\Napredno softversko\\heroku-backend\\vendor\\illuminate\\database\\Schema\\MySqlBuilder.php(18): Illuminate\\Database\\Connection->select('select * from i...', Array)
#3 F:\\Faks\\Master\\Napredno softversko\\heroku-backend\\vendor\\illuminate\\database\\Migrations\\DatabaseMigrationRepository.php(169): Illuminate\\Database\\Schema\\MySqlBuilder->hasTable('migrations')
#4 F:\\Faks\\Master\\Napredno softversko\\heroku-backend\\vendor\\illuminate\\database\\Migrations\\Migrator.php(556): Illuminate\\Database\\Migrations\\DatabaseMigrationRepository->repositoryExists()
#5 F:\\Faks\\Master\\Napredno softversko\\heroku-backend\\vendor\\illuminate\\database\\Console\\Migrations\\MigrateCommand.php(91): Illuminate\\Database\\Migrations\\Migrator->repositoryExists()
#6 F:\\Faks\\Master\\Napredno softversko\\heroku-backend\\vendor\\illuminate\\database\\Console\\Migrations\\MigrateCommand.php(63): Illuminate\\Database\\Console\\Migrations\\MigrateCommand->prepareDatabase()
#7 [internal function]: Illuminate\\Database\\Console\\Migrations\\MigrateCommand->handle()
#8 F:\\Faks\\Master\\Napredno softversko\\heroku-backend\\vendor\\illuminate\\container\\BoundMethod.php(29): call_user_func_array(Array, Array)
#9 F:\\Faks\\Master\\Napredno softversko\\heroku-backend\\vendor\\illuminate\\container\\BoundMethod.php(87): Illuminate\\Container\\BoundMethod::Illuminate\\Container\\{closure}()
#10 F:\\Faks\\Master\\Napredno softversko\\heroku-backend\\vendor\\illuminate\\container\\BoundMethod.php(31): Illuminate\\Container\\BoundMethod::callBoundMethod(Object(Laravel\\Lumen\\Application), Array, Object(Closure))
#11 F:\\Faks\\Master\\Napredno softversko\\heroku-backend\\vendor\\illuminate\\container\\Container.php(572): Illuminate\\Container\\BoundMethod::call(Object(Laravel\\Lumen\\Application), Array, Array, NULL)
#12 F:\\Faks\\Master\\Napredno softversko\\heroku-backend\\vendor\\illuminate\\console\\Command.php(183): Illuminate\\Container\\Container->call(Array)
#13 F:\\Faks\\Master\\Napredno softversko\\heroku-backend\\vendor\\symfony\\console\\Command\\Command.php(255): Illuminate\\Console\\Command->execute(Object(Symfony\\Component\\Console\\Input\\ArgvInput), Object(Illuminate\\Console\\OutputStyle))
#14 F:\\Faks\\Master\\Napredno softversko\\heroku-backend\\vendor\\illuminate\\console\\Command.php(170): Symfony\\Component\\Console\\Command\\Command->run(Object(Symfony\\Component\\Console\\Input\\ArgvInput), Object(Illuminate\\Console\\OutputStyle))
#15 F:\\Faks\\Master\\Napredno softversko\\heroku-backend\\vendor\\symfony\\console\\Application.php(901): Illuminate\\Console\\Command->run(Object(Symfony\\Component\\Console\\Input\\ArgvInput), Object(Symfony\\Component\\Console\\Output\\ConsoleOutput))
#16 F:\\Faks\\Master\\Napredno softversko\\heroku-backend\\vendor\\symfony\\console\\Application.php(262): Symfony\\Component\\Console\\Application->doRunCommand(Object(Illuminate\\Database\\Console\\Migrations\\MigrateCommand), Object(Symfony\\Component\\Console\\Input\\ArgvInput), Object(Symfony\\Component\\Console\\Output\\ConsoleOutput))
#17 F:\\Faks\\Master\\Napredno softversko\\heroku-backend\\vendor\\symfony\\console\\Application.php(145): Symfony\\Component\\Console\\Application->doRun(Object(Symfony\\Component\\Console\\Input\\ArgvInput), Object(Symfony\\Component\\Console\\Output\\ConsoleOutput))
#18 F:\\Faks\\Master\\Napredno softversko\\heroku-backend\\vendor\\illuminate\\console\\Application.php(89): Symfony\\Component\\Console\\Application->run(Object(Symfony\\Component\\Console\\Input\\ArgvInput), Object(Symfony\\Component\\Console\\Output\\ConsoleOutput))
#19 F:\\Faks\\Master\\Napredno softversko\\heroku-backend\\vendor\\laravel\\lumen-framework\\src\\Console\\Kernel.php(115): Illuminate\\Console\\Application->run(Object(Symfony\\Component\\Console\\Input\\ArgvInput), Object(Symfony\\Component\\Console\\Output\\ConsoleOutput))
#20 F:\\Faks\\Master\\Napredno softversko\\heroku-backend\\artisan(35): Laravel\\Lumen\\Console\\Kernel->handle(Object(Symfony\\Component\\Console\\Input\\ArgvInput), Object(Symfony\\Component\\Console\\Output\\ConsoleOutput))
#21 {main}
"} 
[2019-01-03 23:11:54] local.ERROR: League\OAuth2\Server\Exception\OAuthServerException: The authorization grant type is not supported by the authorization server. in F:\Faks\Master\Napredno softversko\heroku-backend\vendor\league\oauth2-server\src\Exception\OAuthServerException.php:100
Stack trace:
#0 F:\Faks\Master\Napredno softversko\heroku-backend\vendor\league\oauth2-server\src\AuthorizationServer.php(206): League\OAuth2\Server\Exception\OAuthServerException::unsupportedGrantType()
#1 F:\Faks\Master\Napredno softversko\heroku-backend\vendor\dusterio\lumen-passport\src\Http\Controllers\AccessTokenController.php(34): League\OAuth2\Server\AuthorizationServer->respondToAccessTokenRequest(Object(Zend\Diactoros\ServerRequest), Object(Zend\Diactoros\Response))
#2 F:\Faks\Master\Napredno softversko\heroku-backend\vendor\laravel\passport\src\Http\Controllers\HandlesOAuthErrors.php(28): Dusterio\LumenPassport\Http\Controllers\AccessTokenController->Dusterio\LumenPassport\Http\Controllers\{closure}()
#3 F:\Faks\Master\Napredno softversko\heroku-backend\vendor\dusterio\lumen-passport\src\Http\Controllers\AccessTokenController.php(35): Laravel\Passport\Http\Controllers\AccessTokenController->withErrorHandling(Object(Closure))
#4 [internal function]: Dusterio\LumenPassport\Http\Controllers\AccessTokenController->issueToken(Object(Zend\Diactoros\ServerRequest))
#5 F:\Faks\Master\Napredno softversko\heroku-backend\vendor\illuminate\container\BoundMethod.php(29): call_user_func_array(Array, Array)
#6 F:\Faks\Master\Napredno softversko\heroku-backend\vendor\illuminate\container\BoundMethod.php(87): Illuminate\Container\BoundMethod::Illuminate\Container\{closure}()
#7 F:\Faks\Master\Napredno softversko\heroku-backend\vendor\illuminate\container\BoundMethod.php(31): Illuminate\Container\BoundMethod::callBoundMethod(Object(Laravel\Lumen\Application), Array, Object(Closure))
#8 F:\Faks\Master\Napredno softversko\heroku-backend\vendor\illuminate\container\Container.php(572): Illuminate\Container\BoundMethod::call(Object(Laravel\Lumen\Application), Array, Array, NULL)
#9 F:\Faks\Master\Napredno softversko\heroku-backend\vendor\laravel\lumen-framework\src\Concerns\RoutesRequests.php(376): Illuminate\Container\Container->call(Array, Array)
#10 F:\Faks\Master\Napredno softversko\heroku-backend\vendor\laravel\lumen-framework\src\Concerns\RoutesRequests.php(319): Laravel\Lumen\Application->callControllerCallable(Array, Array)
#11 F:\Faks\Master\Napredno softversko\heroku-backend\vendor\laravel\lumen-framework\src\Concerns\RoutesRequests.php(278): Laravel\Lumen\Application->callControllerAction(Array)
#12 F:\Faks\Master\Napredno softversko\heroku-backend\vendor\laravel\lumen-framework\src\Concerns\RoutesRequests.php(263): Laravel\Lumen\Application->callActionOnArrayBasedRoute(Array)
#13 F:\Faks\Master\Napredno softversko\heroku-backend\vendor\laravel\lumen-framework\src\Concerns\RoutesRequests.php(163): Laravel\Lumen\Application->handleFoundRoute(Array)
#14 F:\Faks\Master\Napredno softversko\heroku-backend\vendor\laravel\lumen-framework\src\Concerns\RoutesRequests.php(416): Laravel\Lumen\Application->Laravel\Lumen\Concerns\{closure}()
#15 F:\Faks\Master\Napredno softversko\heroku-backend\vendor\laravel\lumen-framework\src\Concerns\RoutesRequests.php(169): Laravel\Lumen\Application->sendThroughPipeline(Array, Object(Closure))
#16 F:\Faks\Master\Napredno softversko\heroku-backend\vendor\laravel\lumen-framework\src\Concerns\RoutesRequests.php(108): Laravel\Lumen\Application->dispatch(NULL)
#17 F:\Faks\Master\Napredno softversko\heroku-backend\public\index.php(28): Laravel\Lumen\Application->run()
#18 {main} {"exception":"[object] (League\\OAuth2\\Server\\Exception\\OAuthServerException(code: 2): The authorization grant type is not supported by the authorization server. at F:\\Faks\\Master\\Napredno softversko\\heroku-backend\\vendor\\league\\oauth2-server\\src\\Exception\\OAuthServerException.php:100)
[stacktrace]
#0 F:\\Faks\\Master\\Napredno softversko\\heroku-backend\\vendor\\league\\oauth2-server\\src\\AuthorizationServer.php(206): League\\OAuth2\\Server\\Exception\\OAuthServerException::unsupportedGrantType()
#1 F:\\Faks\\Master\\Napredno softversko\\heroku-backend\\vendor\\dusterio\\lumen-passport\\src\\Http\\Controllers\\AccessTokenController.php(34): League\\OAuth2\\Server\\AuthorizationServer->respondToAccessTokenRequest(Object(Zend\\Diactoros\\ServerRequest), Object(Zend\\Diactoros\\Response))
#2 F:\\Faks\\Master\\Napredno softversko\\heroku-backend\\vendor\\laravel\\passport\\src\\Http\\Controllers\\HandlesOAuthErrors.php(28): Dusterio\\LumenPassport\\Http\\Controllers\\AccessTokenController->Dusterio\\LumenPassport\\Http\\Controllers\\{closure}()
#3 F:\\Faks\\Master\\Napredno softversko\\heroku-backend\\vendor\\dusterio\\lumen-passport\\src\\Http\\Controllers\\AccessTokenController.php(35): Laravel\\Passport\\Http\\Controllers\\AccessTokenController->withErrorHandling(Object(Closure))
#4 [internal function]: Dusterio\\LumenPassport\\Http\\Controllers\\AccessTokenController->issueToken(Object(Zend\\Diactoros\\ServerRequest))
#5 F:\\Faks\\Master\\Napredno softversko\\heroku-backend\\vendor\\illuminate\\container\\BoundMethod.php(29): call_user_func_array(Array, Array)
#6 F:\\Faks\\Master\\Napredno softversko\\heroku-backend\\vendor\\illuminate\\container\\BoundMethod.php(87): Illuminate\\Container\\BoundMethod::Illuminate\\Container\\{closure}()
#7 F:\\Faks\\Master\\Napredno softversko\\heroku-backend\\vendor\\illuminate\\container\\BoundMethod.php(31): Illuminate\\Container\\BoundMethod::callBoundMethod(Object(Laravel\\Lumen\\Application), Array, Object(Closure))
#8 F:\\Faks\\Master\\Napredno softversko\\heroku-backend\\vendor\\illuminate\\container\\Container.php(572): Illuminate\\Container\\BoundMethod::call(Object(Laravel\\Lumen\\Application), Array, Array, NULL)
#9 F:\\Faks\\Master\\Napredno softversko\\heroku-backend\\vendor\\laravel\\lumen-framework\\src\\Concerns\\RoutesRequests.php(376): Illuminate\\Container\\Container->call(Array, Array)
#10 F:\\Faks\\Master\\Napredno softversko\\heroku-backend\\vendor\\laravel\\lumen-framework\\src\\Concerns\\RoutesRequests.php(319): Laravel\\Lumen\\Application->callControllerCallable(Array, Array)
#11 F:\\Faks\\Master\\Napredno softversko\\heroku-backend\\vendor\\laravel\\lumen-framework\\src\\Concerns\\RoutesRequests.php(278): Laravel\\Lumen\\Application->callControllerAction(Array)
#12 F:\\Faks\\Master\\Napredno softversko\\heroku-backend\\vendor\\laravel\\lumen-framework\\src\\Concerns\\RoutesRequests.php(263): Laravel\\Lumen\\Application->callActionOnArrayBasedRoute(Array)
#13 F:\\Faks\\Master\\Napredno softversko\\heroku-backend\\vendor\\laravel\\lumen-framework\\src\\Concerns\\RoutesRequests.php(163): Laravel\\Lumen\\Application->handleFoundRoute(Array)
#14 F:\\Faks\\Master\\Napredno softversko\\heroku-backend\\vendor\\laravel\\lumen-framework\\src\\Concerns\\RoutesRequests.php(416): Laravel\\Lumen\\Application->Laravel\\Lumen\\Concerns\\{closure}()
#15 F:\\Faks\\Master\\Napredno softversko\\heroku-backend\\vendor\\laravel\\lumen-framework\\src\\Concerns\\RoutesRequests.php(169): Laravel\\Lumen\\Application->sendThroughPipeline(Array, Object(Closure))
#16 F:\\Faks\\Master\\Napredno softversko\\heroku-backend\\vendor\\laravel\\lumen-framework\\src\\Concerns\\RoutesRequests.php(108): Laravel\\Lumen\\Application->dispatch(NULL)
#17 F:\\Faks\\Master\\Napredno softversko\\heroku-backend\\public\\index.php(28): Laravel\\Lumen\\Application->run()
#18 {main}
"} 
[2019-01-03 23:12:22] local.ERROR: League\OAuth2\Server\Exception\OAuthServerException: The request is missing a required parameter, includes an invalid parameter value, includes a parameter more than once, or is otherwise malformed. in F:\Faks\Master\Napredno softversko\heroku-backend\vendor\league\oauth2-server\src\Exception\OAuthServerException.php:118
Stack trace:
#0 F:\Faks\Master\Napredno softversko\heroku-backend\vendor\league\oauth2-server\src\Grant\PasswordGrant.php(86): League\OAuth2\Server\Exception\OAuthServerException::invalidRequest('username')
#1 F:\Faks\Master\Napredno softversko\heroku-backend\vendor\league\oauth2-server\src\Grant\PasswordGrant.php(54): League\OAuth2\Server\Grant\PasswordGrant->validateUser(Object(Zend\Diactoros\ServerRequest), Object(Laravel\Passport\Bridge\Client))
#2 F:\Faks\Master\Napredno softversko\heroku-backend\vendor\league\oauth2-server\src\AuthorizationServer.php(198): League\OAuth2\Server\Grant\PasswordGrant->respondToAccessTokenRequest(Object(Zend\Diactoros\ServerRequest), Object(League\OAuth2\Server\ResponseTypes\BearerTokenResponse), Object(DateInterval))
#3 F:\Faks\Master\Napredno softversko\heroku-backend\vendor\dusterio\lumen-passport\src\Http\Controllers\AccessTokenController.php(34): League\OAuth2\Server\AuthorizationServer->respondToAccessTokenRequest(Object(Zend\Diactoros\ServerRequest), Object(Zend\Diactoros\Response))
#4 F:\Faks\Master\Napredno softversko\heroku-backend\vendor\laravel\passport\src\Http\Controllers\HandlesOAuthErrors.php(28): Dusterio\LumenPassport\Http\Controllers\AccessTokenController->Dusterio\LumenPassport\Http\Controllers\{closure}()
#5 F:\Faks\Master\Napredno softversko\heroku-backend\vendor\dusterio\lumen-passport\src\Http\Controllers\AccessTokenController.php(35): Laravel\Passport\Http\Controllers\AccessTokenController->withErrorHandling(Object(Closure))
#6 [internal function]: Dusterio\LumenPassport\Http\Controllers\AccessTokenController->issueToken(Object(Zend\Diactoros\ServerRequest))
#7 F:\Faks\Master\Napredno softversko\heroku-backend\vendor\illuminate\container\BoundMethod.php(29): call_user_func_array(Array, Array)
#8 F:\Faks\Master\Napredno softversko\heroku-backend\vendor\illuminate\container\BoundMethod.php(87): Illuminate\Container\BoundMethod::Illuminate\Container\{closure}()
#9 F:\Faks\Master\Napredno softversko\heroku-backend\vendor\illuminate\container\BoundMethod.php(31): Illuminate\Container\BoundMethod::callBoundMethod(Object(Laravel\Lumen\Application), Array, Object(Closure))
#10 F:\Faks\Master\Napredno softversko\heroku-backend\vendor\illuminate\container\Container.php(572): Illuminate\Container\BoundMethod::call(Object(Laravel\Lumen\Application), Array, Array, NULL)
#11 F:\Faks\Master\Napredno softversko\heroku-backend\vendor\laravel\lumen-framework\src\Concerns\RoutesRequests.php(376): Illuminate\Container\Container->call(Array, Array)
#12 F:\Faks\Master\Napredno softversko\heroku-backend\vendor\laravel\lumen-framework\src\Concerns\RoutesRequests.php(319): Laravel\Lumen\Application->callControllerCallable(Array, Array)
#13 F:\Faks\Master\Napredno softversko\heroku-backend\vendor\laravel\lumen-framework\src\Concerns\RoutesRequests.php(278): Laravel\Lumen\Application->callControllerAction(Array)
#14 F:\Faks\Master\Napredno softversko\heroku-backend\vendor\laravel\lumen-framework\src\Concerns\RoutesRequests.php(263): Laravel\Lumen\Application->callActionOnArrayBasedRoute(Array)
#15 F:\Faks\Master\Napredno softversko\heroku-backend\vendor\laravel\lumen-framework\src\Concerns\RoutesRequests.php(163): Laravel\Lumen\Application->handleFoundRoute(Array)
#16 F:\Faks\Master\Napredno softversko\heroku-backend\vendor\laravel\lumen-framework\src\Concerns\RoutesRequests.php(416): Laravel\Lumen\Application->Laravel\Lumen\Concerns\{closure}()
#17 F:\Faks\Master\Napredno softversko\heroku-backend\vendor\laravel\lumen-framework\src\Concerns\RoutesRequests.php(169): Laravel\Lumen\Application->sendThroughPipeline(Array, Object(Closure))
#18 F:\Faks\Master\Napredno softversko\heroku-backend\vendor\laravel\lumen-framework\src\Concerns\RoutesRequests.php(108): Laravel\Lumen\Application->dispatch(NULL)
#19 F:\Faks\Master\Napredno softversko\heroku-backend\public\index.php(28): Laravel\Lumen\Application->run()
#20 {main} {"exception":"[object] (League\\OAuth2\\Server\\Exception\\OAuthServerException(code: 3): The request is missing a required parameter, includes an invalid parameter value, includes a parameter more than once, or is otherwise malformed. at F:\\Faks\\Master\\Napredno softversko\\heroku-backend\\vendor\\league\\oauth2-server\\src\\Exception\\OAuthServerException.php:118)
[stacktrace]
#0 F:\\Faks\\Master\\Napredno softversko\\heroku-backend\\vendor\\league\\oauth2-server\\src\\Grant\\PasswordGrant.php(86): League\\OAuth2\\Server\\Exception\\OAuthServerException::invalidRequest('username')
#1 F:\\Faks\\Master\\Napredno softversko\\heroku-backend\\vendor\\league\\oauth2-server\\src\\Grant\\PasswordGrant.php(54): League\\OAuth2\\Server\\Grant\\PasswordGrant->validateUser(Object(Zend\\Diactoros\\ServerRequest), Object(Laravel\\Passport\\Bridge\\Client))
#2 F:\\Faks\\Master\\Napredno softversko\\heroku-backend\\vendor\\league\\oauth2-server\\src\\AuthorizationServer.php(198): League\\OAuth2\\Server\\Grant\\PasswordGrant->respondToAccessTokenRequest(Object(Zend\\Diactoros\\ServerRequest), Object(League\\OAuth2\\Server\\ResponseTypes\\BearerTokenResponse), Object(DateInterval))
#3 F:\\Faks\\Master\\Napredno softversko\\heroku-backend\\vendor\\dusterio\\lumen-passport\\src\\Http\\Controllers\\AccessTokenController.php(34): League\\OAuth2\\Server\\AuthorizationServer->respondToAccessTokenRequest(Object(Zend\\Diactoros\\ServerRequest), Object(Zend\\Diactoros\\Response))
#4 F:\\Faks\\Master\\Napredno softversko\\heroku-backend\\vendor\\laravel\\passport\\src\\Http\\Controllers\\HandlesOAuthErrors.php(28): Dusterio\\LumenPassport\\Http\\Controllers\\AccessTokenController->Dusterio\\LumenPassport\\Http\\Controllers\\{closure}()
#5 F:\\Faks\\Master\\Napredno softversko\\heroku-backend\\vendor\\dusterio\\lumen-passport\\src\\Http\\Controllers\\AccessTokenController.php(35): Laravel\\Passport\\Http\\Controllers\\AccessTokenController->withErrorHandling(Object(Closure))
#6 [internal function]: Dusterio\\LumenPassport\\Http\\Controllers\\AccessTokenController->issueToken(Object(Zend\\Diactoros\\ServerRequest))
#7 F:\\Faks\\Master\\Napredno softversko\\heroku-backend\\vendor\\illuminate\\container\\BoundMethod.php(29): call_user_func_array(Array, Array)
#8 F:\\Faks\\Master\\Napredno softversko\\heroku-backend\\vendor\\illuminate\\container\\BoundMethod.php(87): Illuminate\\Container\\BoundMethod::Illuminate\\Container\\{closure}()
#9 F:\\Faks\\Master\\Napredno softversko\\heroku-backend\\vendor\\illuminate\\container\\BoundMethod.php(31): Illuminate\\Container\\BoundMethod::callBoundMethod(Object(Laravel\\Lumen\\Application), Array, Object(Closure))
#10 F:\\Faks\\Master\\Napredno softversko\\heroku-backend\\vendor\\illuminate\\container\\Container.php(572): Illuminate\\Container\\BoundMethod::call(Object(Laravel\\Lumen\\Application), Array, Array, NULL)
#11 F:\\Faks\\Master\\Napredno softversko\\heroku-backend\\vendor\\laravel\\lumen-framework\\src\\Concerns\\RoutesRequests.php(376): Illuminate\\Container\\Container->call(Array, Array)
#12 F:\\Faks\\Master\\Napredno softversko\\heroku-backend\\vendor\\laravel\\lumen-framework\\src\\Concerns\\RoutesRequests.php(319): Laravel\\Lumen\\Application->callControllerCallable(Array, Array)
#13 F:\\Faks\\Master\\Napredno softversko\\heroku-backend\\vendor\\laravel\\lumen-framework\\src\\Concerns\\RoutesRequests.php(278): Laravel\\Lumen\\Application->callControllerAction(Array)
#14 F:\\Faks\\Master\\Napredno softversko\\heroku-backend\\vendor\\laravel\\lumen-framework\\src\\Concerns\\RoutesRequests.php(263): Laravel\\Lumen\\Application->callActionOnArrayBasedRoute(Array)
#15 F:\\Faks\\Master\\Napredno softversko\\heroku-backend\\vendor\\laravel\\lumen-framework\\src\\Concerns\\RoutesRequests.php(163): Laravel\\Lumen\\Application->handleFoundRoute(Array)
#16 F:\\Faks\\Master\\Napredno softversko\\heroku-backend\\vendor\\laravel\\lumen-framework\\src\\Concerns\\RoutesRequests.php(416): Laravel\\Lumen\\Application->Laravel\\Lumen\\Concerns\\{closure}()
#17 F:\\Faks\\Master\\Napredno softversko\\heroku-backend\\vendor\\laravel\\lumen-framework\\src\\Concerns\\RoutesRequests.php(169): Laravel\\Lumen\\Application->sendThroughPipeline(Array, Object(Closure))
#18 F:\\Faks\\Master\\Napredno softversko\\heroku-backend\\vendor\\laravel\\lumen-framework\\src\\Concerns\\RoutesRequests.php(108): Laravel\\Lumen\\Application->dispatch(NULL)
#19 F:\\Faks\\Master\\Napredno softversko\\heroku-backend\\public\\index.php(28): Laravel\\Lumen\\Application->run()
#20 {main}
"} 
[2019-01-03 23:12:49] local.ERROR: PDOException: SQLSTATE[42P01]: Undefined table: 7 ERROR:  relation "users" does not exist
LINE 1: select * from "users" where "email" = $1 limit 1
                      ^ in F:\Faks\Master\Napredno softversko\heroku-backend\vendor\illuminate\database\Connection.php:330
Stack trace:
#0 F:\Faks\Master\Napredno softversko\heroku-backend\vendor\illuminate\database\Connection.php(330): PDOStatement->execute()
#1 F:\Faks\Master\Napredno softversko\heroku-backend\vendor\illuminate\database\Connection.php(657): Illuminate\Database\Connection->Illuminate\Database\{closure}('select * from "...', Array)
#2 F:\Faks\Master\Napredno softversko\heroku-backend\vendor\illuminate\database\Connection.php(624): Illuminate\Database\Connection->runQueryCallback('select * from "...', Array, Object(Closure))
#3 F:\Faks\Master\Napredno softversko\heroku-backend\vendor\illuminate\database\Connection.php(333): Illuminate\Database\Connection->run('select * from "...', Array, Object(Closure))
#4 F:\Faks\Master\Napredno softversko\heroku-backend\vendor\illuminate\database\Query\Builder.php(2082): Illuminate\Database\Connection->select('select * from "...', Array, true)
#5 F:\Faks\Master\Napredno softversko\heroku-backend\vendor\illuminate\database\Query\Builder.php(2070): Illuminate\Database\Query\Builder->runSelect()
#6 F:\Faks\Master\Napredno softversko\heroku-backend\vendor\illuminate\database\Query\Builder.php(2556): Illuminate\Database\Query\Builder->Illuminate\Database\Query\{closure}()
#7 F:\Faks\Master\Napredno softversko\heroku-backend\vendor\illuminate\database\Query\Builder.php(2071): Illuminate\Database\Query\Builder->onceWithColumns(Array, Object(Closure))
#8 F:\Faks\Master\Napredno softversko\heroku-backend\vendor\illuminate\database\Eloquent\Builder.php(516): Illuminate\Database\Query\Builder->get(Array)
#9 F:\Faks\Master\Napredno softversko\heroku-backend\vendor\illuminate\database\Eloquent\Builder.php(500): Illuminate\Database\Eloquent\Builder->getModels(Array)
#10 F:\Faks\Master\Napredno softversko\heroku-backend\vendor\illuminate\database\Concerns\BuildsQueries.php(77): Illuminate\Database\Eloquent\Builder->get(Array)
#11 F:\Faks\Master\Napredno softversko\heroku-backend\vendor\laravel\passport\src\Bridge\UserRepository.php(45): Illuminate\Database\Eloquent\Builder->first()
#12 F:\Faks\Master\Napredno softversko\heroku-backend\vendor\league\oauth2-server\src\Grant\PasswordGrant.php(98): Laravel\Passport\Bridge\UserRepository->getUserEntityByUserCredentials('steficar@gmail....', 'nekipass', 'password', Object(Laravel\Passport\Bridge\Client))
#13 F:\Faks\Master\Napredno softversko\heroku-backend\vendor\league\oauth2-server\src\Grant\PasswordGrant.php(54): League\OAuth2\Server\Grant\PasswordGrant->validateUser(Object(Zend\Diactoros\ServerRequest), Object(Laravel\Passport\Bridge\Client))
#14 F:\Faks\Master\Napredno softversko\heroku-backend\vendor\league\oauth2-server\src\AuthorizationServer.php(198): League\OAuth2\Server\Grant\PasswordGrant->respondToAccessTokenRequest(Object(Zend\Diactoros\ServerRequest), Object(League\OAuth2\Server\ResponseTypes\BearerTokenResponse), Object(DateInterval))
#15 F:\Faks\Master\Napredno softversko\heroku-backend\vendor\dusterio\lumen-passport\src\Http\Controllers\AccessTokenController.php(34): League\OAuth2\Server\AuthorizationServer->respondToAccessTokenRequest(Object(Zend\Diactoros\ServerRequest), Object(Zend\Diactoros\Response))
#16 F:\Faks\Master\Napredno softversko\heroku-backend\vendor\laravel\passport\src\Http\Controllers\HandlesOAuthErrors.php(28): Dusterio\LumenPassport\Http\Controllers\AccessTokenController->Dusterio\LumenPassport\Http\Controllers\{closure}()
#17 F:\Faks\Master\Napredno softversko\heroku-backend\vendor\dusterio\lumen-passport\src\Http\Controllers\AccessTokenController.php(35): Laravel\Passport\Http\Controllers\AccessTokenController->withErrorHandling(Object(Closure))
#18 [internal function]: Dusterio\LumenPassport\Http\Controllers\AccessTokenController->issueToken(Object(Zend\Diactoros\ServerRequest))
#19 F:\Faks\Master\Napredno softversko\heroku-backend\vendor\illuminate\container\BoundMethod.php(29): call_user_func_array(Array, Array)
#20 F:\Faks\Master\Napredno softversko\heroku-backend\vendor\illuminate\container\BoundMethod.php(87): Illuminate\Container\BoundMethod::Illuminate\Container\{closure}()
#21 F:\Faks\Master\Napredno softversko\heroku-backend\vendor\illuminate\container\BoundMethod.php(31): Illuminate\Container\BoundMethod::callBoundMethod(Object(Laravel\Lumen\Application), Array, Object(Closure))
#22 F:\Faks\Master\Napredno softversko\heroku-backend\vendor\illuminate\container\Container.php(572): Illuminate\Container\BoundMethod::call(Object(Laravel\Lumen\Application), Array, Array, NULL)
#23 F:\Faks\Master\Napredno softversko\heroku-backend\vendor\laravel\lumen-framework\src\Concerns\RoutesRequests.php(376): Illuminate\Container\Container->call(Array, Array)
#24 F:\Faks\Master\Napredno softversko\heroku-backend\vendor\laravel\lumen-framework\src\Concerns\RoutesRequests.php(319): Laravel\Lumen\Application->callControllerCallable(Array, Array)
#25 F:\Faks\Master\Napredno softversko\heroku-backend\vendor\laravel\lumen-framework\src\Concerns\RoutesRequests.php(278): Laravel\Lumen\Application->callControllerAction(Array)
#26 F:\Faks\Master\Napredno softversko\heroku-backend\vendor\laravel\lumen-framework\src\Concerns\RoutesRequests.php(263): Laravel\Lumen\Application->callActionOnArrayBasedRoute(Array)
#27 F:\Faks\Master\Napredno softversko\heroku-backend\vendor\laravel\lumen-framework\src\Concerns\RoutesRequests.php(163): Laravel\Lumen\Application->handleFoundRoute(Array)
#28 F:\Faks\Master\Napredno softversko\heroku-backend\vendor\laravel\lumen-framework\src\Concerns\RoutesRequests.php(416): Laravel\Lumen\Application->Laravel\Lumen\Concerns\{closure}()
#29 F:\Faks\Master\Napredno softversko\heroku-backend\vendor\laravel\lumen-framework\src\Concerns\RoutesRequests.php(169): Laravel\Lumen\Application->sendThroughPipeline(Array, Object(Closure))
#30 F:\Faks\Master\Napredno softversko\heroku-backend\vendor\laravel\lumen-framework\src\Concerns\RoutesRequests.php(108): Laravel\Lumen\Application->dispatch(NULL)
#31 F:\Faks\Master\Napredno softversko\heroku-backend\public\index.php(28): Laravel\Lumen\Application->run()
#32 {main}

Next Illuminate\Database\QueryException: SQLSTATE[42P01]: Undefined table: 7 ERROR:  relation "users" does not exist
LINE 1: select * from "users" where "email" = $1 limit 1
                      ^ (SQL: select * from "users" where "email" = steficar@gmail.com limit 1) in F:\Faks\Master\Napredno softversko\heroku-backend\vendor\illuminate\database\Connection.php:664
Stack trace:
#0 F:\Faks\Master\Napredno softversko\heroku-backend\vendor\illuminate\database\Connection.php(624): Illuminate\Database\Connection->runQueryCallback('select * from "...', Array, Object(Closure))
#1 F:\Faks\Master\Napredno softversko\heroku-backend\vendor\illuminate\database\Connection.php(333): Illuminate\Database\Connection->run('select * from "...', Array, Object(Closure))
#2 F:\Faks\Master\Napredno softversko\heroku-backend\vendor\illuminate\database\Query\Builder.php(2082): Illuminate\Database\Connection->select('select * from "...', Array, true)
#3 F:\Faks\Master\Napredno softversko\heroku-backend\vendor\illuminate\database\Query\Builder.php(2070): Illuminate\Database\Query\Builder->runSelect()
#4 F:\Faks\Master\Napredno softversko\heroku-backend\vendor\illuminate\database\Query\Builder.php(2556): Illuminate\Database\Query\Builder->Illuminate\Database\Query\{closure}()
#5 F:\Faks\Master\Napredno softversko\heroku-backend\vendor\illuminate\database\Query\Builder.php(2071): Illuminate\Database\Query\Builder->onceWithColumns(Array, Object(Closure))
#6 F:\Faks\Master\Napredno softversko\heroku-backend\vendor\illuminate\database\Eloquent\Builder.php(516): Illuminate\Database\Query\Builder->get(Array)
#7 F:\Faks\Master\Napredno softversko\heroku-backend\vendor\illuminate\database\Eloquent\Builder.php(500): Illuminate\Database\Eloquent\Builder->getModels(Array)
#8 F:\Faks\Master\Napredno softversko\heroku-backend\vendor\illuminate\database\Concerns\BuildsQueries.php(77): Illuminate\Database\Eloquent\Builder->get(Array)
#9 F:\Faks\Master\Napredno softversko\heroku-backend\vendor\laravel\passport\src\Bridge\UserRepository.php(45): Illuminate\Database\Eloquent\Builder->first()
#10 F:\Faks\Master\Napredno softversko\heroku-backend\vendor\league\oauth2-server\src\Grant\PasswordGrant.php(98): Laravel\Passport\Bridge\UserRepository->getUserEntityByUserCredentials('steficar@gmail....', 'nekipass', 'password', Object(Laravel\Passport\Bridge\Client))
#11 F:\Faks\Master\Napredno softversko\heroku-backend\vendor\league\oauth2-server\src\Grant\PasswordGrant.php(54): League\OAuth2\Server\Grant\PasswordGrant->validateUser(Object(Zend\Diactoros\ServerRequest), Object(Laravel\Passport\Bridge\Client))
#12 F:\Faks\Master\Napredno softversko\heroku-backend\vendor\league\oauth2-server\src\AuthorizationServer.php(198): League\OAuth2\Server\Grant\PasswordGrant->respondToAccessTokenRequest(Object(Zend\Diactoros\ServerRequest), Object(League\OAuth2\Server\ResponseTypes\BearerTokenResponse), Object(DateInterval))
#13 F:\Faks\Master\Napredno softversko\heroku-backend\vendor\dusterio\lumen-passport\src\Http\Controllers\AccessTokenController.php(34): League\OAuth2\Server\AuthorizationServer->respondToAccessTokenRequest(Object(Zend\Diactoros\ServerRequest), Object(Zend\Diactoros\Response))
#14 F:\Faks\Master\Napredno softversko\heroku-backend\vendor\laravel\passport\src\Http\Controllers\HandlesOAuthErrors.php(28): Dusterio\LumenPassport\Http\Controllers\AccessTokenController->Dusterio\LumenPassport\Http\Controllers\{closure}()
#15 F:\Faks\Master\Napredno softversko\heroku-backend\vendor\dusterio\lumen-passport\src\Http\Controllers\AccessTokenController.php(35): Laravel\Passport\Http\Controllers\AccessTokenController->withErrorHandling(Object(Closure))
#16 [internal function]: Dusterio\LumenPassport\Http\Controllers\AccessTokenController->issueToken(Object(Zend\Diactoros\ServerRequest))
#17 F:\Faks\Master\Napredno softversko\heroku-backend\vendor\illuminate\container\BoundMethod.php(29): call_user_func_array(Array, Array)
#18 F:\Faks\Master\Napredno softversko\heroku-backend\vendor\illuminate\container\BoundMethod.php(87): Illuminate\Container\BoundMethod::Illuminate\Container\{closure}()
#19 F:\Faks\Master\Napredno softversko\heroku-backend\vendor\illuminate\container\BoundMethod.php(31): Illuminate\Container\BoundMethod::callBoundMethod(Object(Laravel\Lumen\Application), Array, Object(Closure))
#20 F:\Faks\Master\Napredno softversko\heroku-backend\vendor\illuminate\container\Container.php(572): Illuminate\Container\BoundMethod::call(Object(Laravel\Lumen\Application), Array, Array, NULL)
#21 F:\Faks\Master\Napredno softversko\heroku-backend\vendor\laravel\lumen-framework\src\Concerns\RoutesRequests.php(376): Illuminate\Container\Container->call(Array, Array)
#22 F:\Faks\Master\Napredno softversko\heroku-backend\vendor\laravel\lumen-framework\src\Concerns\RoutesRequests.php(319): Laravel\Lumen\Application->callControllerCallable(Array, Array)
#23 F:\Faks\Master\Napredno softversko\heroku-backend\vendor\laravel\lumen-framework\src\Concerns\RoutesRequests.php(278): Laravel\Lumen\Application->callControllerAction(Array)
#24 F:\Faks\Master\Napredno softversko\heroku-backend\vendor\laravel\lumen-framework\src\Concerns\RoutesRequests.php(263): Laravel\Lumen\Application->callActionOnArrayBasedRoute(Array)
#25 F:\Faks\Master\Napredno softversko\heroku-backend\vendor\laravel\lumen-framework\src\Concerns\RoutesRequests.php(163): Laravel\Lumen\Application->handleFoundRoute(Array)
#26 F:\Faks\Master\Napredno softversko\heroku-backend\vendor\laravel\lumen-framework\src\Concerns\RoutesRequests.php(416): Laravel\Lumen\Application->Laravel\Lumen\Concerns\{closure}()
#27 F:\Faks\Master\Napredno softversko\heroku-backend\vendor\laravel\lumen-framework\src\Concerns\RoutesRequests.php(169): Laravel\Lumen\Application->sendThroughPipeline(Array, Object(Closure))
#28 F:\Faks\Master\Napredno softversko\heroku-backend\vendor\laravel\lumen-framework\src\Concerns\RoutesRequests.php(108): Laravel\Lumen\Application->dispatch(NULL)
#29 F:\Faks\Master\Napredno softversko\heroku-backend\public\index.php(28): Laravel\Lumen\Application->run()
#30 {main} {"exception":"[object] (Illuminate\\Database\\QueryException(code: 42P01): SQLSTATE[42P01]: Undefined table: 7 ERROR:  relation \"users\" does not exist
LINE 1: select * from \"users\" where \"email\" = $1 limit 1
                      ^ (SQL: select * from \"users\" where \"email\" = steficar@gmail.com limit 1) at F:\\Faks\\Master\\Napredno softversko\\heroku-backend\\vendor\\illuminate\\database\\Connection.php:664, PDOException(code: 42P01): SQLSTATE[42P01]: Undefined table: 7 ERROR:  relation \"users\" does not exist
LINE 1: select * from \"users\" where \"email\" = $1 limit 1
                      ^ at F:\\Faks\\Master\\Napredno softversko\\heroku-backend\\vendor\\illuminate\\database\\Connection.php:330)
[stacktrace]
#0 F:\\Faks\\Master\\Napredno softversko\\heroku-backend\\vendor\\illuminate\\database\\Connection.php(624): Illuminate\\Database\\Connection->runQueryCallback('select * from \"...', Array, Object(Closure))
#1 F:\\Faks\\Master\\Napredno softversko\\heroku-backend\\vendor\\illuminate\\database\\Connection.php(333): Illuminate\\Database\\Connection->run('select * from \"...', Array, Object(Closure))
#2 F:\\Faks\\Master\\Napredno softversko\\heroku-backend\\vendor\\illuminate\\database\\Query\\Builder.php(2082): Illuminate\\Database\\Connection->select('select * from \"...', Array, true)
#3 F:\\Faks\\Master\\Napredno softversko\\heroku-backend\\vendor\\illuminate\\database\\Query\\Builder.php(2070): Illuminate\\Database\\Query\\Builder->runSelect()
#4 F:\\Faks\\Master\\Napredno softversko\\heroku-backend\\vendor\\illuminate\\database\\Query\\Builder.php(2556): Illuminate\\Database\\Query\\Builder->Illuminate\\Database\\Query\\{closure}()
#5 F:\\Faks\\Master\\Napredno softversko\\heroku-backend\\vendor\\illuminate\\database\\Query\\Builder.php(2071): Illuminate\\Database\\Query\\Builder->onceWithColumns(Array, Object(Closure))
#6 F:\\Faks\\Master\\Napredno softversko\\heroku-backend\\vendor\\illuminate\\database\\Eloquent\\Builder.php(516): Illuminate\\Database\\Query\\Builder->get(Array)
#7 F:\\Faks\\Master\\Napredno softversko\\heroku-backend\\vendor\\illuminate\\database\\Eloquent\\Builder.php(500): Illuminate\\Database\\Eloquent\\Builder->getModels(Array)
#8 F:\\Faks\\Master\\Napredno softversko\\heroku-backend\\vendor\\illuminate\\database\\Concerns\\BuildsQueries.php(77): Illuminate\\Database\\Eloquent\\Builder->get(Array)
#9 F:\\Faks\\Master\\Napredno softversko\\heroku-backend\\vendor\\laravel\\passport\\src\\Bridge\\UserRepository.php(45): Illuminate\\Database\\Eloquent\\Builder->first()
#10 F:\\Faks\\Master\\Napredno softversko\\heroku-backend\\vendor\\league\\oauth2-server\\src\\Grant\\PasswordGrant.php(98): Laravel\\Passport\\Bridge\\UserRepository->getUserEntityByUserCredentials('steficar@gmail....', 'nekipass', 'password', Object(Laravel\\Passport\\Bridge\\Client))
#11 F:\\Faks\\Master\\Napredno softversko\\heroku-backend\\vendor\\league\\oauth2-server\\src\\Grant\\PasswordGrant.php(54): League\\OAuth2\\Server\\Grant\\PasswordGrant->validateUser(Object(Zend\\Diactoros\\ServerRequest), Object(Laravel\\Passport\\Bridge\\Client))
#12 F:\\Faks\\Master\\Napredno softversko\\heroku-backend\\vendor\\league\\oauth2-server\\src\\AuthorizationServer.php(198): League\\OAuth2\\Server\\Grant\\PasswordGrant->respondToAccessTokenRequest(Object(Zend\\Diactoros\\ServerRequest), Object(League\\OAuth2\\Server\\ResponseTypes\\BearerTokenResponse), Object(DateInterval))
#13 F:\\Faks\\Master\\Napredno softversko\\heroku-backend\\vendor\\dusterio\\lumen-passport\\src\\Http\\Controllers\\AccessTokenController.php(34): League\\OAuth2\\Server\\AuthorizationServer->respondToAccessTokenRequest(Object(Zend\\Diactoros\\ServerRequest), Object(Zend\\Diactoros\\Response))
#14 F:\\Faks\\Master\\Napredno softversko\\heroku-backend\\vendor\\laravel\\passport\\src\\Http\\Controllers\\HandlesOAuthErrors.php(28): Dusterio\\LumenPassport\\Http\\Controllers\\AccessTokenController->Dusterio\\LumenPassport\\Http\\Controllers\\{closure}()
#15 F:\\Faks\\Master\\Napredno softversko\\heroku-backend\\vendor\\dusterio\\lumen-passport\\src\\Http\\Controllers\\AccessTokenController.php(35): Laravel\\Passport\\Http\\Controllers\\AccessTokenController->withErrorHandling(Object(Closure))
#16 [internal function]: Dusterio\\LumenPassport\\Http\\Controllers\\AccessTokenController->issueToken(Object(Zend\\Diactoros\\ServerRequest))
#17 F:\\Faks\\Master\\Napredno softversko\\heroku-backend\\vendor\\illuminate\\container\\BoundMethod.php(29): call_user_func_array(Array, Array)
#18 F:\\Faks\\Master\\Napredno softversko\\heroku-backend\\vendor\\illuminate\\container\\BoundMethod.php(87): Illuminate\\Container\\BoundMethod::Illuminate\\Container\\{closure}()
#19 F:\\Faks\\Master\\Napredno softversko\\heroku-backend\\vendor\\illuminate\\container\\BoundMethod.php(31): Illuminate\\Container\\BoundMethod::callBoundMethod(Object(Laravel\\Lumen\\Application), Array, Object(Closure))
#20 F:\\Faks\\Master\\Napredno softversko\\heroku-backend\\vendor\\illuminate\\container\\Container.php(572): Illuminate\\Container\\BoundMethod::call(Object(Laravel\\Lumen\\Application), Array, Array, NULL)
#21 F:\\Faks\\Master\\Napredno softversko\\heroku-backend\\vendor\\laravel\\lumen-framework\\src\\Concerns\\RoutesRequests.php(376): Illuminate\\Container\\Container->call(Array, Array)
#22 F:\\Faks\\Master\\Napredno softversko\\heroku-backend\\vendor\\laravel\\lumen-framework\\src\\Concerns\\RoutesRequests.php(319): Laravel\\Lumen\\Application->callControllerCallable(Array, Array)
#23 F:\\Faks\\Master\\Napredno softversko\\heroku-backend\\vendor\\laravel\\lumen-framework\\src\\Concerns\\RoutesRequests.php(278): Laravel\\Lumen\\Application->callControllerAction(Array)
#24 F:\\Faks\\Master\\Napredno softversko\\heroku-backend\\vendor\\laravel\\lumen-framework\\src\\Concerns\\RoutesRequests.php(263): Laravel\\Lumen\\Application->callActionOnArrayBasedRoute(Array)
#25 F:\\Faks\\Master\\Napredno softversko\\heroku-backend\\vendor\\laravel\\lumen-framework\\src\\Concerns\\RoutesRequests.php(163): Laravel\\Lumen\\Application->handleFoundRoute(Array)
#26 F:\\Faks\\Master\\Napredno softversko\\heroku-backend\\vendor\\laravel\\lumen-framework\\src\\Concerns\\RoutesRequests.php(416): Laravel\\Lumen\\Application->Laravel\\Lumen\\Concerns\\{closure}()
#27 F:\\Faks\\Master\\Napredno softversko\\heroku-backend\\vendor\\laravel\\lumen-framework\\src\\Concerns\\RoutesRequests.php(169): Laravel\\Lumen\\Application->sendThroughPipeline(Array, Object(Closure))
#28 F:\\Faks\\Master\\Napredno softversko\\heroku-backend\\vendor\\laravel\\lumen-framework\\src\\Concerns\\RoutesRequests.php(108): Laravel\\Lumen\\Application->dispatch(NULL)
#29 F:\\Faks\\Master\\Napredno softversko\\heroku-backend\\public\\index.php(28): Laravel\\Lumen\\Application->run()
#30 {main}
"} 
[2019-01-03 23:18:58] local.ERROR: League\OAuth2\Server\Exception\OAuthServerException: The user credentials were incorrect. in F:\Faks\Master\Napredno softversko\heroku-backend\vendor\league\oauth2-server\src\Exception\OAuthServerException.php:164
Stack trace:
#0 F:\Faks\Master\Napredno softversko\heroku-backend\vendor\league\oauth2-server\src\Grant\PasswordGrant.php(103): League\OAuth2\Server\Exception\OAuthServerException::invalidCredentials()
#1 F:\Faks\Master\Napredno softversko\heroku-backend\vendor\league\oauth2-server\src\Grant\PasswordGrant.php(54): League\OAuth2\Server\Grant\PasswordGrant->validateUser(Object(Zend\Diactoros\ServerRequest), Object(Laravel\Passport\Bridge\Client))
#2 F:\Faks\Master\Napredno softversko\heroku-backend\vendor\league\oauth2-server\src\AuthorizationServer.php(198): League\OAuth2\Server\Grant\PasswordGrant->respondToAccessTokenRequest(Object(Zend\Diactoros\ServerRequest), Object(League\OAuth2\Server\ResponseTypes\BearerTokenResponse), Object(DateInterval))
#3 F:\Faks\Master\Napredno softversko\heroku-backend\vendor\dusterio\lumen-passport\src\Http\Controllers\AccessTokenController.php(34): League\OAuth2\Server\AuthorizationServer->respondToAccessTokenRequest(Object(Zend\Diactoros\ServerRequest), Object(Zend\Diactoros\Response))
#4 F:\Faks\Master\Napredno softversko\heroku-backend\vendor\laravel\passport\src\Http\Controllers\HandlesOAuthErrors.php(28): Dusterio\LumenPassport\Http\Controllers\AccessTokenController->Dusterio\LumenPassport\Http\Controllers\{closure}()
#5 F:\Faks\Master\Napredno softversko\heroku-backend\vendor\dusterio\lumen-passport\src\Http\Controllers\AccessTokenController.php(35): Laravel\Passport\Http\Controllers\AccessTokenController->withErrorHandling(Object(Closure))
#6 [internal function]: Dusterio\LumenPassport\Http\Controllers\AccessTokenController->issueToken(Object(Zend\Diactoros\ServerRequest))
#7 F:\Faks\Master\Napredno softversko\heroku-backend\vendor\illuminate\container\BoundMethod.php(29): call_user_func_array(Array, Array)
#8 F:\Faks\Master\Napredno softversko\heroku-backend\vendor\illuminate\container\BoundMethod.php(87): Illuminate\Container\BoundMethod::Illuminate\Container\{closure}()
#9 F:\Faks\Master\Napredno softversko\heroku-backend\vendor\illuminate\container\BoundMethod.php(31): Illuminate\Container\BoundMethod::callBoundMethod(Object(Laravel\Lumen\Application), Array, Object(Closure))
#10 F:\Faks\Master\Napredno softversko\heroku-backend\vendor\illuminate\container\Container.php(572): Illuminate\Container\BoundMethod::call(Object(Laravel\Lumen\Application), Array, Array, NULL)
#11 F:\Faks\Master\Napredno softversko\heroku-backend\vendor\laravel\lumen-framework\src\Concerns\RoutesRequests.php(376): Illuminate\Container\Container->call(Array, Array)
#12 F:\Faks\Master\Napredno softversko\heroku-backend\vendor\laravel\lumen-framework\src\Concerns\RoutesRequests.php(319): Laravel\Lumen\Application->callControllerCallable(Array, Array)
#13 F:\Faks\Master\Napredno softversko\heroku-backend\vendor\laravel\lumen-framework\src\Concerns\RoutesRequests.php(278): Laravel\Lumen\Application->callControllerAction(Array)
#14 F:\Faks\Master\Napredno softversko\heroku-backend\vendor\laravel\lumen-framework\src\Concerns\RoutesRequests.php(263): Laravel\Lumen\Application->callActionOnArrayBasedRoute(Array)
#15 F:\Faks\Master\Napredno softversko\heroku-backend\vendor\laravel\lumen-framework\src\Concerns\RoutesRequests.php(163): Laravel\Lumen\Application->handleFoundRoute(Array)
#16 F:\Faks\Master\Napredno softversko\heroku-backend\vendor\laravel\lumen-framework\src\Concerns\RoutesRequests.php(416): Laravel\Lumen\Application->Laravel\Lumen\Concerns\{closure}()
#17 F:\Faks\Master\Napredno softversko\heroku-backend\vendor\laravel\lumen-framework\src\Concerns\RoutesRequests.php(169): Laravel\Lumen\Application->sendThroughPipeline(Array, Object(Closure))
#18 F:\Faks\Master\Napredno softversko\heroku-backend\vendor\laravel\lumen-framework\src\Concerns\RoutesRequests.php(108): Laravel\Lumen\Application->dispatch(NULL)
#19 F:\Faks\Master\Napredno softversko\heroku-backend\public\index.php(28): Laravel\Lumen\Application->run()
#20 {main} {"exception":"[object] (League\\OAuth2\\Server\\Exception\\OAuthServerException(code: 6): The user credentials were incorrect. at F:\\Faks\\Master\\Napredno softversko\\heroku-backend\\vendor\\league\\oauth2-server\\src\\Exception\\OAuthServerException.php:164)
[stacktrace]
#0 F:\\Faks\\Master\\Napredno softversko\\heroku-backend\\vendor\\league\\oauth2-server\\src\\Grant\\PasswordGrant.php(103): League\\OAuth2\\Server\\Exception\\OAuthServerException::invalidCredentials()
#1 F:\\Faks\\Master\\Napredno softversko\\heroku-backend\\vendor\\league\\oauth2-server\\src\\Grant\\PasswordGrant.php(54): League\\OAuth2\\Server\\Grant\\PasswordGrant->validateUser(Object(Zend\\Diactoros\\ServerRequest), Object(Laravel\\Passport\\Bridge\\Client))
#2 F:\\Faks\\Master\\Napredno softversko\\heroku-backend\\vendor\\league\\oauth2-server\\src\\AuthorizationServer.php(198): League\\OAuth2\\Server\\Grant\\PasswordGrant->respondToAccessTokenRequest(Object(Zend\\Diactoros\\ServerRequest), Object(League\\OAuth2\\Server\\ResponseTypes\\BearerTokenResponse), Object(DateInterval))
#3 F:\\Faks\\Master\\Napredno softversko\\heroku-backend\\vendor\\dusterio\\lumen-passport\\src\\Http\\Controllers\\AccessTokenController.php(34): League\\OAuth2\\Server\\AuthorizationServer->respondToAccessTokenRequest(Object(Zend\\Diactoros\\ServerRequest), Object(Zend\\Diactoros\\Response))
#4 F:\\Faks\\Master\\Napredno softversko\\heroku-backend\\vendor\\laravel\\passport\\src\\Http\\Controllers\\HandlesOAuthErrors.php(28): Dusterio\\LumenPassport\\Http\\Controllers\\AccessTokenController->Dusterio\\LumenPassport\\Http\\Controllers\\{closure}()
#5 F:\\Faks\\Master\\Napredno softversko\\heroku-backend\\vendor\\dusterio\\lumen-passport\\src\\Http\\Controllers\\AccessTokenController.php(35): Laravel\\Passport\\Http\\Controllers\\AccessTokenController->withErrorHandling(Object(Closure))
#6 [internal function]: Dusterio\\LumenPassport\\Http\\Controllers\\AccessTokenController->issueToken(Object(Zend\\Diactoros\\ServerRequest))
#7 F:\\Faks\\Master\\Napredno softversko\\heroku-backend\\vendor\\illuminate\\container\\BoundMethod.php(29): call_user_func_array(Array, Array)
#8 F:\\Faks\\Master\\Napredno softversko\\heroku-backend\\vendor\\illuminate\\container\\BoundMethod.php(87): Illuminate\\Container\\BoundMethod::Illuminate\\Container\\{closure}()
#9 F:\\Faks\\Master\\Napredno softversko\\heroku-backend\\vendor\\illuminate\\container\\BoundMethod.php(31): Illuminate\\Container\\BoundMethod::callBoundMethod(Object(Laravel\\Lumen\\Application), Array, Object(Closure))
#10 F:\\Faks\\Master\\Napredno softversko\\heroku-backend\\vendor\\illuminate\\container\\Container.php(572): Illuminate\\Container\\BoundMethod::call(Object(Laravel\\Lumen\\Application), Array, Array, NULL)
#11 F:\\Faks\\Master\\Napredno softversko\\heroku-backend\\vendor\\laravel\\lumen-framework\\src\\Concerns\\RoutesRequests.php(376): Illuminate\\Container\\Container->call(Array, Array)
#12 F:\\Faks\\Master\\Napredno softversko\\heroku-backend\\vendor\\laravel\\lumen-framework\\src\\Concerns\\RoutesRequests.php(319): Laravel\\Lumen\\Application->callControllerCallable(Array, Array)
#13 F:\\Faks\\Master\\Napredno softversko\\heroku-backend\\vendor\\laravel\\lumen-framework\\src\\Concerns\\RoutesRequests.php(278): Laravel\\Lumen\\Application->callControllerAction(Array)
#14 F:\\Faks\\Master\\Napredno softversko\\heroku-backend\\vendor\\laravel\\lumen-framework\\src\\Concerns\\RoutesRequests.php(263): Laravel\\Lumen\\Application->callActionOnArrayBasedRoute(Array)
#15 F:\\Faks\\Master\\Napredno softversko\\heroku-backend\\vendor\\laravel\\lumen-framework\\src\\Concerns\\RoutesRequests.php(163): Laravel\\Lumen\\Application->handleFoundRoute(Array)
#16 F:\\Faks\\Master\\Napredno softversko\\heroku-backend\\vendor\\laravel\\lumen-framework\\src\\Concerns\\RoutesRequests.php(416): Laravel\\Lumen\\Application->Laravel\\Lumen\\Concerns\\{closure}()
#17 F:\\Faks\\Master\\Napredno softversko\\heroku-backend\\vendor\\laravel\\lumen-framework\\src\\Concerns\\RoutesRequests.php(169): Laravel\\Lumen\\Application->sendThroughPipeline(Array, Object(Closure))
#18 F:\\Faks\\Master\\Napredno softversko\\heroku-backend\\vendor\\laravel\\lumen-framework\\src\\Concerns\\RoutesRequests.php(108): Laravel\\Lumen\\Application->dispatch(NULL)
#19 F:\\Faks\\Master\\Napredno softversko\\heroku-backend\\public\\index.php(28): Laravel\\Lumen\\Application->run()
#20 {main}
"} 
[2019-01-03 23:34:27] local.ERROR: Symfony\Component\Debug\Exception\FatalThrowableError: Argument 1 passed to App\Http\Controllers\UserController::get() must be an instance of App\Models\User, string given in F:\Faks\Master\Napredno softversko\heroku-backend\app\Http\Controllers\UserController.php:44
Stack trace:
#0 [internal function]: App\Http\Controllers\UserController->get('1')
#1 F:\Faks\Master\Napredno softversko\heroku-backend\vendor\illuminate\container\BoundMethod.php(29): call_user_func_array(Array, Array)
#2 F:\Faks\Master\Napredno softversko\heroku-backend\vendor\illuminate\container\BoundMethod.php(87): Illuminate\Container\BoundMethod::Illuminate\Container\{closure}()
#3 F:\Faks\Master\Napredno softversko\heroku-backend\vendor\illuminate\container\BoundMethod.php(31): Illuminate\Container\BoundMethod::callBoundMethod(Object(Laravel\Lumen\Application), Array, Object(Closure))
#4 F:\Faks\Master\Napredno softversko\heroku-backend\vendor\illuminate\container\Container.php(572): Illuminate\Container\BoundMethod::call(Object(Laravel\Lumen\Application), Array, Array, NULL)
#5 F:\Faks\Master\Napredno softversko\heroku-backend\vendor\laravel\lumen-framework\src\Concerns\RoutesRequests.php(376): Illuminate\Container\Container->call(Array, Array)
#6 F:\Faks\Master\Napredno softversko\heroku-backend\vendor\laravel\lumen-framework\src\Concerns\RoutesRequests.php(342): Laravel\Lumen\Application->callControllerCallable(Array, Array)
#7 F:\Faks\Master\Napredno softversko\heroku-backend\vendor\laravel\lumen-framework\src\Concerns\RoutesRequests.php(316): Laravel\Lumen\Application->callLumenController(Object(App\Http\Controllers\UserController), 'get', Array)
#8 F:\Faks\Master\Napredno softversko\heroku-backend\vendor\laravel\lumen-framework\src\Concerns\RoutesRequests.php(278): Laravel\Lumen\Application->callControllerAction(Array)
#9 F:\Faks\Master\Napredno softversko\heroku-backend\vendor\laravel\lumen-framework\src\Concerns\RoutesRequests.php(263): Laravel\Lumen\Application->callActionOnArrayBasedRoute(Array)
#10 F:\Faks\Master\Napredno softversko\heroku-backend\vendor\laravel\lumen-framework\src\Concerns\RoutesRequests.php(233): Laravel\Lumen\Application->handleFoundRoute(Array)
#11 F:\Faks\Master\Napredno softversko\heroku-backend\vendor\laravel\lumen-framework\src\Concerns\RoutesRequests.php(167): Laravel\Lumen\Application->handleDispatcherResponse(Array)
#12 F:\Faks\Master\Napredno softversko\heroku-backend\vendor\laravel\lumen-framework\src\Concerns\RoutesRequests.php(416): Laravel\Lumen\Application->Laravel\Lumen\Concerns\{closure}()
#13 F:\Faks\Master\Napredno softversko\heroku-backend\vendor\laravel\lumen-framework\src\Concerns\RoutesRequests.php(169): Laravel\Lumen\Application->sendThroughPipeline(Array, Object(Closure))
#14 F:\Faks\Master\Napredno softversko\heroku-backend\vendor\laravel\lumen-framework\src\Concerns\RoutesRequests.php(108): Laravel\Lumen\Application->dispatch(NULL)
#15 F:\Faks\Master\Napredno softversko\heroku-backend\public\index.php(28): Laravel\Lumen\Application->run()
#16 {main} {"exception":"[object] (Symfony\\Component\\Debug\\Exception\\FatalThrowableError(code: 0): Argument 1 passed to App\\Http\\Controllers\\UserController::get() must be an instance of App\\Models\\User, string given at F:\\Faks\\Master\\Napredno softversko\\heroku-backend\\app\\Http\\Controllers\\UserController.php:44)
[stacktrace]
#0 [internal function]: App\\Http\\Controllers\\UserController->get('1')
#1 F:\\Faks\\Master\\Napredno softversko\\heroku-backend\\vendor\\illuminate\\container\\BoundMethod.php(29): call_user_func_array(Array, Array)
#2 F:\\Faks\\Master\\Napredno softversko\\heroku-backend\\vendor\\illuminate\\container\\BoundMethod.php(87): Illuminate\\Container\\BoundMethod::Illuminate\\Container\\{closure}()
#3 F:\\Faks\\Master\\Napredno softversko\\heroku-backend\\vendor\\illuminate\\container\\BoundMethod.php(31): Illuminate\\Container\\BoundMethod::callBoundMethod(Object(Laravel\\Lumen\\Application), Array, Object(Closure))
#4 F:\\Faks\\Master\\Napredno softversko\\heroku-backend\\vendor\\illuminate\\container\\Container.php(572): Illuminate\\Container\\BoundMethod::call(Object(Laravel\\Lumen\\Application), Array, Array, NULL)
#5 F:\\Faks\\Master\\Napredno softversko\\heroku-backend\\vendor\\laravel\\lumen-framework\\src\\Concerns\\RoutesRequests.php(376): Illuminate\\Container\\Container->call(Array, Array)
#6 F:\\Faks\\Master\\Napredno softversko\\heroku-backend\\vendor\\laravel\\lumen-framework\\src\\Concerns\\RoutesRequests.php(342): Laravel\\Lumen\\Application->callControllerCallable(Array, Array)
#7 F:\\Faks\\Master\\Napredno softversko\\heroku-backend\\vendor\\laravel\\lumen-framework\\src\\Concerns\\RoutesRequests.php(316): Laravel\\Lumen\\Application->callLumenController(Object(App\\Http\\Controllers\\UserController), 'get', Array)
#8 F:\\Faks\\Master\\Napredno softversko\\heroku-backend\\vendor\\laravel\\lumen-framework\\src\\Concerns\\RoutesRequests.php(278): Laravel\\Lumen\\Application->callControllerAction(Array)
#9 F:\\Faks\\Master\\Napredno softversko\\heroku-backend\\vendor\\laravel\\lumen-framework\\src\\Concerns\\RoutesRequests.php(263): Laravel\\Lumen\\Application->callActionOnArrayBasedRoute(Array)
#10 F:\\Faks\\Master\\Napredno softversko\\heroku-backend\\vendor\\laravel\\lumen-framework\\src\\Concerns\\RoutesRequests.php(233): Laravel\\Lumen\\Application->handleFoundRoute(Array)
#11 F:\\Faks\\Master\\Napredno softversko\\heroku-backend\\vendor\\laravel\\lumen-framework\\src\\Concerns\\RoutesRequests.php(167): Laravel\\Lumen\\Application->handleDispatcherResponse(Array)
#12 F:\\Faks\\Master\\Napredno softversko\\heroku-backend\\vendor\\laravel\\lumen-framework\\src\\Concerns\\RoutesRequests.php(416): Laravel\\Lumen\\Application->Laravel\\Lumen\\Concerns\\{closure}()
#13 F:\\Faks\\Master\\Napredno softversko\\heroku-backend\\vendor\\laravel\\lumen-framework\\src\\Concerns\\RoutesRequests.php(169): Laravel\\Lumen\\Application->sendThroughPipeline(Array, Object(Closure))
#14 F:\\Faks\\Master\\Napredno softversko\\heroku-backend\\vendor\\laravel\\lumen-framework\\src\\Concerns\\RoutesRequests.php(108): Laravel\\Lumen\\Application->dispatch(NULL)
#15 F:\\Faks\\Master\\Napredno softversko\\heroku-backend\\public\\index.php(28): Laravel\\Lumen\\Application->run()
#16 {main}
"} 
[2019-01-03 23:36:50] local.ERROR: Symfony\Component\Debug\Exception\FatalThrowableError: Argument 1 passed to App\Http\Controllers\UserController::get() must be an instance of App\Models\User, string given in F:\Faks\Master\Napredno softversko\heroku-backend\app\Http\Controllers\UserController.php:43
Stack trace:
#0 [internal function]: App\Http\Controllers\UserController->get('1')
#1 F:\Faks\Master\Napredno softversko\heroku-backend\vendor\illuminate\container\BoundMethod.php(29): call_user_func_array(Array, Array)
#2 F:\Faks\Master\Napredno softversko\heroku-backend\vendor\illuminate\container\BoundMethod.php(87): Illuminate\Container\BoundMethod::Illuminate\Container\{closure}()
#3 F:\Faks\Master\Napredno softversko\heroku-backend\vendor\illuminate\container\BoundMethod.php(31): Illuminate\Container\BoundMethod::callBoundMethod(Object(Laravel\Lumen\Application), Array, Object(Closure))
#4 F:\Faks\Master\Napredno softversko\heroku-backend\vendor\illuminate\container\Container.php(572): Illuminate\Container\BoundMethod::call(Object(Laravel\Lumen\Application), Array, Array, NULL)
#5 F:\Faks\Master\Napredno softversko\heroku-backend\vendor\laravel\lumen-framework\src\Concerns\RoutesRequests.php(376): Illuminate\Container\Container->call(Array, Array)
#6 F:\Faks\Master\Napredno softversko\heroku-backend\vendor\laravel\lumen-framework\src\Concerns\RoutesRequests.php(342): Laravel\Lumen\Application->callControllerCallable(Array, Array)
#7 F:\Faks\Master\Napredno softversko\heroku-backend\vendor\laravel\lumen-framework\src\Concerns\RoutesRequests.php(316): Laravel\Lumen\Application->callLumenController(Object(App\Http\Controllers\UserController), 'get', Array)
#8 F:\Faks\Master\Napredno softversko\heroku-backend\vendor\laravel\lumen-framework\src\Concerns\RoutesRequests.php(278): Laravel\Lumen\Application->callControllerAction(Array)
#9 F:\Faks\Master\Napredno softversko\heroku-backend\vendor\laravel\lumen-framework\src\Concerns\RoutesRequests.php(263): Laravel\Lumen\Application->callActionOnArrayBasedRoute(Array)
#10 F:\Faks\Master\Napredno softversko\heroku-backend\vendor\laravel\lumen-framework\src\Concerns\RoutesRequests.php(233): Laravel\Lumen\Application->handleFoundRoute(Array)
#11 F:\Faks\Master\Napredno softversko\heroku-backend\vendor\laravel\lumen-framework\src\Concerns\RoutesRequests.php(167): Laravel\Lumen\Application->handleDispatcherResponse(Array)
#12 F:\Faks\Master\Napredno softversko\heroku-backend\vendor\laravel\lumen-framework\src\Concerns\RoutesRequests.php(416): Laravel\Lumen\Application->Laravel\Lumen\Concerns\{closure}()
#13 F:\Faks\Master\Napredno softversko\heroku-backend\vendor\laravel\lumen-framework\src\Concerns\RoutesRequests.php(169): Laravel\Lumen\Application->sendThroughPipeline(Array, Object(Closure))
#14 F:\Faks\Master\Napredno softversko\heroku-backend\vendor\laravel\lumen-framework\src\Concerns\RoutesRequests.php(108): Laravel\Lumen\Application->dispatch(NULL)
#15 F:\Faks\Master\Napredno softversko\heroku-backend\public\index.php(28): Laravel\Lumen\Application->run()
#16 {main} {"exception":"[object] (Symfony\\Component\\Debug\\Exception\\FatalThrowableError(code: 0): Argument 1 passed to App\\Http\\Controllers\\UserController::get() must be an instance of App\\Models\\User, string given at F:\\Faks\\Master\\Napredno softversko\\heroku-backend\\app\\Http\\Controllers\\UserController.php:43)
[stacktrace]
#0 [internal function]: App\\Http\\Controllers\\UserController->get('1')
#1 F:\\Faks\\Master\\Napredno softversko\\heroku-backend\\vendor\\illuminate\\container\\BoundMethod.php(29): call_user_func_array(Array, Array)
#2 F:\\Faks\\Master\\Napredno softversko\\heroku-backend\\vendor\\illuminate\\container\\BoundMethod.php(87): Illuminate\\Container\\BoundMethod::Illuminate\\Container\\{closure}()
#3 F:\\Faks\\Master\\Napredno softversko\\heroku-backend\\vendor\\illuminate\\container\\BoundMethod.php(31): Illuminate\\Container\\BoundMethod::callBoundMethod(Object(Laravel\\Lumen\\Application), Array, Object(Closure))
#4 F:\\Faks\\Master\\Napredno softversko\\heroku-backend\\vendor\\illuminate\\container\\Container.php(572): Illuminate\\Container\\BoundMethod::call(Object(Laravel\\Lumen\\Application), Array, Array, NULL)
#5 F:\\Faks\\Master\\Napredno softversko\\heroku-backend\\vendor\\laravel\\lumen-framework\\src\\Concerns\\RoutesRequests.php(376): Illuminate\\Container\\Container->call(Array, Array)
#6 F:\\Faks\\Master\\Napredno softversko\\heroku-backend\\vendor\\laravel\\lumen-framework\\src\\Concerns\\RoutesRequests.php(342): Laravel\\Lumen\\Application->callControllerCallable(Array, Array)
#7 F:\\Faks\\Master\\Napredno softversko\\heroku-backend\\vendor\\laravel\\lumen-framework\\src\\Concerns\\RoutesRequests.php(316): Laravel\\Lumen\\Application->callLumenController(Object(App\\Http\\Controllers\\UserController), 'get', Array)
#8 F:\\Faks\\Master\\Napredno softversko\\heroku-backend\\vendor\\laravel\\lumen-framework\\src\\Concerns\\RoutesRequests.php(278): Laravel\\Lumen\\Application->callControllerAction(Array)
#9 F:\\Faks\\Master\\Napredno softversko\\heroku-backend\\vendor\\laravel\\lumen-framework\\src\\Concerns\\RoutesRequests.php(263): Laravel\\Lumen\\Application->callActionOnArrayBasedRoute(Array)
#10 F:\\Faks\\Master\\Napredno softversko\\heroku-backend\\vendor\\laravel\\lumen-framework\\src\\Concerns\\RoutesRequests.php(233): Laravel\\Lumen\\Application->handleFoundRoute(Array)
#11 F:\\Faks\\Master\\Napredno softversko\\heroku-backend\\vendor\\laravel\\lumen-framework\\src\\Concerns\\RoutesRequests.php(167): Laravel\\Lumen\\Application->handleDispatcherResponse(Array)
#12 F:\\Faks\\Master\\Napredno softversko\\heroku-backend\\vendor\\laravel\\lumen-framework\\src\\Concerns\\RoutesRequests.php(416): Laravel\\Lumen\\Application->Laravel\\Lumen\\Concerns\\{closure}()
#13 F:\\Faks\\Master\\Napredno softversko\\heroku-backend\\vendor\\laravel\\lumen-framework\\src\\Concerns\\RoutesRequests.php(169): Laravel\\Lumen\\Application->sendThroughPipeline(Array, Object(Closure))
#14 F:\\Faks\\Master\\Napredno softversko\\heroku-backend\\vendor\\laravel\\lumen-framework\\src\\Concerns\\RoutesRequests.php(108): Laravel\\Lumen\\Application->dispatch(NULL)
#15 F:\\Faks\\Master\\Napredno softversko\\heroku-backend\\public\\index.php(28): Laravel\\Lumen\\Application->run()
#16 {main}
"} 
[2019-01-03 23:39:04] local.ERROR: Symfony\Component\Debug\Exception\FatalThrowableError: Argument 1 passed to App\Http\Controllers\UserController::get() must be an instance of App\Models\User, string given in F:\Faks\Master\Napredno softversko\heroku-backend\app\Http\Controllers\UserController.php:43
Stack trace:
#0 [internal function]: App\Http\Controllers\UserController->get('1')
#1 F:\Faks\Master\Napredno softversko\heroku-backend\vendor\illuminate\container\BoundMethod.php(29): call_user_func_array(Array, Array)
#2 F:\Faks\Master\Napredno softversko\heroku-backend\vendor\illuminate\container\BoundMethod.php(87): Illuminate\Container\BoundMethod::Illuminate\Container\{closure}()
#3 F:\Faks\Master\Napredno softversko\heroku-backend\vendor\illuminate\container\BoundMethod.php(31): Illuminate\Container\BoundMethod::callBoundMethod(Object(Laravel\Lumen\Application), Array, Object(Closure))
#4 F:\Faks\Master\Napredno softversko\heroku-backend\vendor\illuminate\container\Container.php(572): Illuminate\Container\BoundMethod::call(Object(Laravel\Lumen\Application), Array, Array, NULL)
#5 F:\Faks\Master\Napredno softversko\heroku-backend\vendor\laravel\lumen-framework\src\Concerns\RoutesRequests.php(376): Illuminate\Container\Container->call(Array, Array)
#6 F:\Faks\Master\Napredno softversko\heroku-backend\vendor\laravel\lumen-framework\src\Concerns\RoutesRequests.php(342): Laravel\Lumen\Application->callControllerCallable(Array, Array)
#7 F:\Faks\Master\Napredno softversko\heroku-backend\vendor\laravel\lumen-framework\src\Concerns\RoutesRequests.php(316): Laravel\Lumen\Application->callLumenController(Object(App\Http\Controllers\UserController), 'get', Array)
#8 F:\Faks\Master\Napredno softversko\heroku-backend\vendor\laravel\lumen-framework\src\Concerns\RoutesRequests.php(278): Laravel\Lumen\Application->callControllerAction(Array)
#9 F:\Faks\Master\Napredno softversko\heroku-backend\vendor\laravel\lumen-framework\src\Concerns\RoutesRequests.php(263): Laravel\Lumen\Application->callActionOnArrayBasedRoute(Array)
#10 F:\Faks\Master\Napredno softversko\heroku-backend\vendor\laravel\lumen-framework\src\Concerns\RoutesRequests.php(233): Laravel\Lumen\Application->handleFoundRoute(Array)
#11 F:\Faks\Master\Napredno softversko\heroku-backend\vendor\laravel\lumen-framework\src\Concerns\RoutesRequests.php(167): Laravel\Lumen\Application->handleDispatcherResponse(Array)
#12 F:\Faks\Master\Napredno softversko\heroku-backend\vendor\laravel\lumen-framework\src\Concerns\RoutesRequests.php(416): Laravel\Lumen\Application->Laravel\Lumen\Concerns\{closure}()
#13 F:\Faks\Master\Napredno softversko\heroku-backend\vendor\laravel\lumen-framework\src\Concerns\RoutesRequests.php(169): Laravel\Lumen\Application->sendThroughPipeline(Array, Object(Closure))
#14 F:\Faks\Master\Napredno softversko\heroku-backend\vendor\laravel\lumen-framework\src\Concerns\RoutesRequests.php(108): Laravel\Lumen\Application->dispatch(NULL)
#15 F:\Faks\Master\Napredno softversko\heroku-backend\public\index.php(28): Laravel\Lumen\Application->run()
#16 {main} {"exception":"[object] (Symfony\\Component\\Debug\\Exception\\FatalThrowableError(code: 0): Argument 1 passed to App\\Http\\Controllers\\UserController::get() must be an instance of App\\Models\\User, string given at F:\\Faks\\Master\\Napredno softversko\\heroku-backend\\app\\Http\\Controllers\\UserController.php:43)
[stacktrace]
#0 [internal function]: App\\Http\\Controllers\\UserController->get('1')
#1 F:\\Faks\\Master\\Napredno softversko\\heroku-backend\\vendor\\illuminate\\container\\BoundMethod.php(29): call_user_func_array(Array, Array)
#2 F:\\Faks\\Master\\Napredno softversko\\heroku-backend\\vendor\\illuminate\\container\\BoundMethod.php(87): Illuminate\\Container\\BoundMethod::Illuminate\\Container\\{closure}()
#3 F:\\Faks\\Master\\Napredno softversko\\heroku-backend\\vendor\\illuminate\\container\\BoundMethod.php(31): Illuminate\\Container\\BoundMethod::callBoundMethod(Object(Laravel\\Lumen\\Application), Array, Object(Closure))
#4 F:\\Faks\\Master\\Napredno softversko\\heroku-backend\\vendor\\illuminate\\container\\Container.php(572): Illuminate\\Container\\BoundMethod::call(Object(Laravel\\Lumen\\Application), Array, Array, NULL)
#5 F:\\Faks\\Master\\Napredno softversko\\heroku-backend\\vendor\\laravel\\lumen-framework\\src\\Concerns\\RoutesRequests.php(376): Illuminate\\Container\\Container->call(Array, Array)
#6 F:\\Faks\\Master\\Napredno softversko\\heroku-backend\\vendor\\laravel\\lumen-framework\\src\\Concerns\\RoutesRequests.php(342): Laravel\\Lumen\\Application->callControllerCallable(Array, Array)
#7 F:\\Faks\\Master\\Napredno softversko\\heroku-backend\\vendor\\laravel\\lumen-framework\\src\\Concerns\\RoutesRequests.php(316): Laravel\\Lumen\\Application->callLumenController(Object(App\\Http\\Controllers\\UserController), 'get', Array)
#8 F:\\Faks\\Master\\Napredno softversko\\heroku-backend\\vendor\\laravel\\lumen-framework\\src\\Concerns\\RoutesRequests.php(278): Laravel\\Lumen\\Application->callControllerAction(Array)
#9 F:\\Faks\\Master\\Napredno softversko\\heroku-backend\\vendor\\laravel\\lumen-framework\\src\\Concerns\\RoutesRequests.php(263): Laravel\\Lumen\\Application->callActionOnArrayBasedRoute(Array)
#10 F:\\Faks\\Master\\Napredno softversko\\heroku-backend\\vendor\\laravel\\lumen-framework\\src\\Concerns\\RoutesRequests.php(233): Laravel\\Lumen\\Application->handleFoundRoute(Array)
#11 F:\\Faks\\Master\\Napredno softversko\\heroku-backend\\vendor\\laravel\\lumen-framework\\src\\Concerns\\RoutesRequests.php(167): Laravel\\Lumen\\Application->handleDispatcherResponse(Array)
#12 F:\\Faks\\Master\\Napredno softversko\\heroku-backend\\vendor\\laravel\\lumen-framework\\src\\Concerns\\RoutesRequests.php(416): Laravel\\Lumen\\Application->Laravel\\Lumen\\Concerns\\{closure}()
#13 F:\\Faks\\Master\\Napredno softversko\\heroku-backend\\vendor\\laravel\\lumen-framework\\src\\Concerns\\RoutesRequests.php(169): Laravel\\Lumen\\Application->sendThroughPipeline(Array, Object(Closure))
#14 F:\\Faks\\Master\\Napredno softversko\\heroku-backend\\vendor\\laravel\\lumen-framework\\src\\Concerns\\RoutesRequests.php(108): Laravel\\Lumen\\Application->dispatch(NULL)
#15 F:\\Faks\\Master\\Napredno softversko\\heroku-backend\\public\\index.php(28): Laravel\\Lumen\\Application->run()
#16 {main}
"} 
[2019-01-03 23:39:18] local.ERROR: Symfony\Component\Debug\Exception\FatalThrowableError: Argument 1 passed to App\Http\Controllers\UserController::get() must be an instance of App\Models\User, string given in F:\Faks\Master\Napredno softversko\heroku-backend\app\Http\Controllers\UserController.php:43
Stack trace:
#0 [internal function]: App\Http\Controllers\UserController->get('1')
#1 F:\Faks\Master\Napredno softversko\heroku-backend\vendor\illuminate\container\BoundMethod.php(29): call_user_func_array(Array, Array)
#2 F:\Faks\Master\Napredno softversko\heroku-backend\vendor\illuminate\container\BoundMethod.php(87): Illuminate\Container\BoundMethod::Illuminate\Container\{closure}()
#3 F:\Faks\Master\Napredno softversko\heroku-backend\vendor\illuminate\container\BoundMethod.php(31): Illuminate\Container\BoundMethod::callBoundMethod(Object(Laravel\Lumen\Application), Array, Object(Closure))
#4 F:\Faks\Master\Napredno softversko\heroku-backend\vendor\illuminate\container\Container.php(572): Illuminate\Container\BoundMethod::call(Object(Laravel\Lumen\Application), Array, Array, NULL)
#5 F:\Faks\Master\Napredno softversko\heroku-backend\vendor\laravel\lumen-framework\src\Concerns\RoutesRequests.php(376): Illuminate\Container\Container->call(Array, Array)
#6 F:\Faks\Master\Napredno softversko\heroku-backend\vendor\laravel\lumen-framework\src\Concerns\RoutesRequests.php(342): Laravel\Lumen\Application->callControllerCallable(Array, Array)
#7 F:\Faks\Master\Napredno softversko\heroku-backend\vendor\laravel\lumen-framework\src\Concerns\RoutesRequests.php(316): Laravel\Lumen\Application->callLumenController(Object(App\Http\Controllers\UserController), 'get', Array)
#8 F:\Faks\Master\Napredno softversko\heroku-backend\vendor\laravel\lumen-framework\src\Concerns\RoutesRequests.php(278): Laravel\Lumen\Application->callControllerAction(Array)
#9 F:\Faks\Master\Napredno softversko\heroku-backend\vendor\laravel\lumen-framework\src\Concerns\RoutesRequests.php(263): Laravel\Lumen\Application->callActionOnArrayBasedRoute(Array)
#10 F:\Faks\Master\Napredno softversko\heroku-backend\vendor\laravel\lumen-framework\src\Concerns\RoutesRequests.php(233): Laravel\Lumen\Application->handleFoundRoute(Array)
#11 F:\Faks\Master\Napredno softversko\heroku-backend\vendor\laravel\lumen-framework\src\Concerns\RoutesRequests.php(167): Laravel\Lumen\Application->handleDispatcherResponse(Array)
#12 F:\Faks\Master\Napredno softversko\heroku-backend\vendor\laravel\lumen-framework\src\Concerns\RoutesRequests.php(416): Laravel\Lumen\Application->Laravel\Lumen\Concerns\{closure}()
#13 F:\Faks\Master\Napredno softversko\heroku-backend\vendor\laravel\lumen-framework\src\Concerns\RoutesRequests.php(169): Laravel\Lumen\Application->sendThroughPipeline(Array, Object(Closure))
#14 F:\Faks\Master\Napredno softversko\heroku-backend\vendor\laravel\lumen-framework\src\Concerns\RoutesRequests.php(108): Laravel\Lumen\Application->dispatch(NULL)
#15 F:\Faks\Master\Napredno softversko\heroku-backend\public\index.php(28): Laravel\Lumen\Application->run()
#16 {main} {"exception":"[object] (Symfony\\Component\\Debug\\Exception\\FatalThrowableError(code: 0): Argument 1 passed to App\\Http\\Controllers\\UserController::get() must be an instance of App\\Models\\User, string given at F:\\Faks\\Master\\Napredno softversko\\heroku-backend\\app\\Http\\Controllers\\UserController.php:43)
[stacktrace]
#0 [internal function]: App\\Http\\Controllers\\UserController->get('1')
#1 F:\\Faks\\Master\\Napredno softversko\\heroku-backend\\vendor\\illuminate\\container\\BoundMethod.php(29): call_user_func_array(Array, Array)
#2 F:\\Faks\\Master\\Napredno softversko\\heroku-backend\\vendor\\illuminate\\container\\BoundMethod.php(87): Illuminate\\Container\\BoundMethod::Illuminate\\Container\\{closure}()
#3 F:\\Faks\\Master\\Napredno softversko\\heroku-backend\\vendor\\illuminate\\container\\BoundMethod.php(31): Illuminate\\Container\\BoundMethod::callBoundMethod(Object(Laravel\\Lumen\\Application), Array, Object(Closure))
#4 F:\\Faks\\Master\\Napredno softversko\\heroku-backend\\vendor\\illuminate\\container\\Container.php(572): Illuminate\\Container\\BoundMethod::call(Object(Laravel\\Lumen\\Application), Array, Array, NULL)
#5 F:\\Faks\\Master\\Napredno softversko\\heroku-backend\\vendor\\laravel\\lumen-framework\\src\\Concerns\\RoutesRequests.php(376): Illuminate\\Container\\Container->call(Array, Array)
#6 F:\\Faks\\Master\\Napredno softversko\\heroku-backend\\vendor\\laravel\\lumen-framework\\src\\Concerns\\RoutesRequests.php(342): Laravel\\Lumen\\Application->callControllerCallable(Array, Array)
#7 F:\\Faks\\Master\\Napredno softversko\\heroku-backend\\vendor\\laravel\\lumen-framework\\src\\Concerns\\RoutesRequests.php(316): Laravel\\Lumen\\Application->callLumenController(Object(App\\Http\\Controllers\\UserController), 'get', Array)
#8 F:\\Faks\\Master\\Napredno softversko\\heroku-backend\\vendor\\laravel\\lumen-framework\\src\\Concerns\\RoutesRequests.php(278): Laravel\\Lumen\\Application->callControllerAction(Array)
#9 F:\\Faks\\Master\\Napredno softversko\\heroku-backend\\vendor\\laravel\\lumen-framework\\src\\Concerns\\RoutesRequests.php(263): Laravel\\Lumen\\Application->callActionOnArrayBasedRoute(Array)
#10 F:\\Faks\\Master\\Napredno softversko\\heroku-backend\\vendor\\laravel\\lumen-framework\\src\\Concerns\\RoutesRequests.php(233): Laravel\\Lumen\\Application->handleFoundRoute(Array)
#11 F:\\Faks\\Master\\Napredno softversko\\heroku-backend\\vendor\\laravel\\lumen-framework\\src\\Concerns\\RoutesRequests.php(167): Laravel\\Lumen\\Application->handleDispatcherResponse(Array)
#12 F:\\Faks\\Master\\Napredno softversko\\heroku-backend\\vendor\\laravel\\lumen-framework\\src\\Concerns\\RoutesRequests.php(416): Laravel\\Lumen\\Application->Laravel\\Lumen\\Concerns\\{closure}()
#13 F:\\Faks\\Master\\Napredno softversko\\heroku-backend\\vendor\\laravel\\lumen-framework\\src\\Concerns\\RoutesRequests.php(169): Laravel\\Lumen\\Application->sendThroughPipeline(Array, Object(Closure))
#14 F:\\Faks\\Master\\Napredno softversko\\heroku-backend\\vendor\\laravel\\lumen-framework\\src\\Concerns\\RoutesRequests.php(108): Laravel\\Lumen\\Application->dispatch(NULL)
#15 F:\\Faks\\Master\\Napredno softversko\\heroku-backend\\public\\index.php(28): Laravel\\Lumen\\Application->run()
#16 {main}
"} 
